



28-04-2021 08:00:01 Scheduled launch, interval: 30 minutes
Launching Stage 1
07:30:01
Creating temporary files
Collect data from poses
Stage 1 done
Launching Stage 2
07:30:01
Collect data from export DB
Removing temporary files
Stage 2 done
08:01:28 Launching Stage 3
Comparison data between poses and export
08:04:22 Stage 3 done
Pos with diff between itself and export
08:04:22 Launching Stage 4
Checking receipts on ukmserver
Done
08:05:00 Comparison data between poses and ukmserver
done
Stage 4 done
08:05:00 Launching Stage 5
Checking receipts on bush server
Done
08:05:49 Comparison data between poses and bushes
Done
Stage 5 Done
Done
Array
(
    [lid] => 3093
)
28-04-2021 08:05:52 Work finished




28-04-2021 08:30:01 Scheduled launch, interval: 30 minutes
Launching Stage 1
08:00:01
Creating temporary files
Collect data from poses
Stage 1 done
Launching Stage 2
08:00:01
Collect data from export DB
Removing temporary files
Stage 2 done
08:31:29 Launching Stage 3
Comparison data between poses and export
08:34:23 Stage 3 done
Pos with diff between itself and export
08:34:23 Launching Stage 4
Checking receipts on ukmserver
Done
08:35:01 Comparison data between poses and ukmserver
done
Stage 4 done
08:35:01 Launching Stage 5
Checking receipts on bush server
Done
08:35:51 Comparison data between poses and bushes
Done
Stage 5 Done
Done
Array
(
    [lid] => 3094
)
28-04-2021 08:35:54 Work finished




28-04-2021 09:00:01 Scheduled launch, interval: 30 minutes
Launching Stage 1
08:30:01
Creating temporary files
Collect data from poses
Stage 1 done
Launching Stage 2
08:30:01
Collect data from export DB
Removing temporary files
Stage 2 done
09:01:32 Launching Stage 3
Comparison data between poses and export
09:04:31 Stage 3 done
Pos with diff between itself and export
09:04:31 Launching Stage 4
Checking receipts on ukmserver
Done
09:05:03 Comparison data between poses and ukmserver
done
Stage 4 done
09:05:03 Launching Stage 5
Checking receipts on bush server
Done
09:05:50 Comparison data between poses and bushes
Done
Stage 5 Done
Done
Array
(
    [lid] => 3095
)
28-04-2021 09:05:53 Work finished




28-04-2021 09:30:01 Scheduled launch, interval: 30 minutes
Launching Stage 1
09:00:01
Creating temporary files
Collect data from poses
Stage 1 done
Launching Stage 2
09:00:01
Collect data from export DB
Removing temporary files
Stage 2 done
09:32:09 Launching Stage 3
Comparison data between poses and export
09:35:15 Stage 3 done
Pos with diff between itself and export
09:35:15 Launching Stage 4
Checking receipts on ukmserver
Done
09:35:52 Comparison data between poses and ukmserver
done
Stage 4 done
09:35:52 Launching Stage 5
Checking receipts on bush server
Done
09:36:34 Comparison data between poses and bushes
Done
Stage 5 Done
Done
Array
(
    [lid] => 3096
)
28-04-2021 09:36:37 Work finished




28-04-2021 10:00:01 Scheduled launch, interval: 30 minutes
Launching Stage 1
09:30:01
Creating temporary files
Collect data from poses
Stage 1 done
Launching Stage 2
09:30:01
Collect data from export DB
Removing temporary files
Stage 2 done
10:01:31 Launching Stage 3
Comparison data between poses and export
10:04:43 Stage 3 done
Pos with diff between itself and export
10:04:43 Launching Stage 4
Checking receipts on ukmserver
Done
10:05:20 Comparison data between poses and ukmserver
done
Stage 4 done
10:05:20 Launching Stage 5
Checking receipts on bush server
Done
10:06:09 Comparison data between poses and bushes
Done
Stage 5 Done
Done
Array
(
    [lid] => 3097
)
28-04-2021 10:06:13 Work finished




28-04-2021 10:30:01 Scheduled launch, interval: 30 minutes
Launching Stage 1
10:00:01
Creating temporary files
Collect data from poses
Stage 1 done
Launching Stage 2
10:00:01
Collect data from export DB
Removing temporary files
Stage 2 done
10:31:30 Launching Stage 3
Comparison data between poses and export
10:34:45 Stage 3 done
Pos with diff between itself and export
10:34:45 Launching Stage 4
Checking receipts on ukmserver
Done
10:35:23 Comparison data between poses and ukmserver
done
Stage 4 done
10:35:23 Launching Stage 5
Checking receipts on bush server
Done
10:36:12 Comparison data between poses and bushes
Done
Stage 5 Done
Done
Array
(
    [lid] => 3098
)
28-04-2021 10:36:14 Work finished




28-04-2021 11:00:01 Scheduled launch, interval: 30 minutes
Launching Stage 1
10:30:01
Creating temporary files
Collect data from poses
Stage 1 done
Launching Stage 2
10:30:01
Collect data from export DB
Removing temporary files
Stage 2 done
11:01:28 Launching Stage 3
Comparison data between poses and export
11:04:37 Stage 3 done
Pos with diff between itself and export
11:04:37 Launching Stage 4
Checking receipts on ukmserver
Done
11:05:15 Comparison data between poses and ukmserver
done
Stage 4 done
11:05:15 Launching Stage 5
Checking receipts on bush server
Done
11:06:05 Comparison data between poses and bushes
Done
Stage 5 Done
Done
Array
(
    [lid] => 3099
)
28-04-2021 11:06:08 Work finished




28-04-2021 11:30:01 Scheduled launch, interval: 30 minutes
Launching Stage 1
11:00:01
Creating temporary files
Collect data from poses
Stage 1 done
Launching Stage 2
11:00:01
Collect data from export DB
Removing temporary files
Stage 2 done
11:31:30 Launching Stage 3
Comparison data between poses and export
11:34:42 Stage 3 done
Pos with diff between itself and export
11:34:42 Launching Stage 4
Checking receipts on ukmserver
Done
11:35:18 Comparison data between poses and ukmserver
done
Stage 4 done
11:35:18 Launching Stage 5
Checking receipts on bush server
Done
11:36:08 Comparison data between poses and bushes
Done
Stage 5 Done
Done
Array
(
    [lid] => 3100
)
28-04-2021 11:36:11 Work finished




28-04-2021 12:00:01 Scheduled launch, interval: 30 minutes
Launching Stage 1
11:30:01
Creating temporary files
Collect data from poses
Stage 1 done
Launching Stage 2
11:30:01
Collect data from export DB
Removing temporary files
Stage 2 done
12:01:30 Launching Stage 3
Comparison data between poses and export
12:04:46 Stage 3 done
Pos with diff between itself and export
12:04:46 Launching Stage 4
Checking receipts on ukmserver
Done
12:05:26 Comparison data between poses and ukmserver
done
Stage 4 done
12:05:26 Launching Stage 5
Checking receipts on bush server
Done
12:06:07 Comparison data between poses and bushes
Done
Stage 5 Done
Done
Array
(
    [lid] => 3101
)
28-04-2021 12:06:11 Work finished




28-04-2021 12:30:01 Scheduled launch, interval: 30 minutes
Launching Stage 1
12:00:01
Creating temporary files
Collect data from poses
Stage 1 done
Launching Stage 2
12:00:01
Collect data from export DB
Removing temporary files
Stage 2 done
12:31:28 Launching Stage 3
Comparison data between poses and export
12:34:41 Stage 3 done
Pos with diff between itself and export
12:34:41 Launching Stage 4
Checking receipts on ukmserver
Done
12:35:23 Comparison data between poses and ukmserver
done
Stage 4 done
12:35:24 Launching Stage 5
Checking receipts on bush server
Done
12:36:11 Comparison data between poses and bushes
Done
Stage 5 Done
Done
Array
(
    [lid] => 3102
)
28-04-2021 12:36:15 Work finished




28-04-2021 13:00:01 Scheduled launch, interval: 30 minutes
Launching Stage 1
12:30:01
Creating temporary files
Collect data from poses
Stage 1 done
Launching Stage 2
12:30:01
Collect data from export DB
Removing temporary files
Stage 2 done
13:01:31 Launching Stage 3
Comparison data between poses and export
13:04:48 Stage 3 done
Pos with diff between itself and export
13:04:48 Launching Stage 4
Checking receipts on ukmserver
Done
13:05:32 Comparison data between poses and ukmserver
done
Stage 4 done
13:05:33 Launching Stage 5
Checking receipts on bush server
Done
13:06:22 Comparison data between poses and bushes
Done
Stage 5 Done
Done
Array
(
    [lid] => 3103
)
28-04-2021 13:06:26 Work finished




28-04-2021 13:30:01 Scheduled launch, interval: 30 minutes
Launching Stage 1
13:00:01
Creating temporary files
Collect data from poses
Stage 1 done
Launching Stage 2
13:00:01
Collect data from export DB
Removing temporary files
Stage 2 done
13:31:32 Launching Stage 3
Comparison data between poses and export
13:34:44 Stage 3 done
Pos with diff between itself and export
13:34:45 Launching Stage 4
Checking receipts on ukmserver
Done
13:35:27 Comparison data between poses and ukmserver
done
Stage 4 done
13:35:27 Launching Stage 5
Checking receipts on bush server
Done
13:36:18 Comparison data between poses and bushes
Done
Stage 5 Done
Done
Array
(
    [lid] => 3104
)
28-04-2021 13:36:21 Work finished




28-04-2021 14:00:01 Scheduled launch, interval: 30 minutes
Launching Stage 1
13:30:01
Creating temporary files
Collect data from poses
Stage 1 done
Launching Stage 2
13:30:01
Collect data from export DB
Removing temporary files
Stage 2 done
14:01:29 Launching Stage 3
Comparison data between poses and export
14:04:41 Stage 3 done
Pos with diff between itself and export
14:04:41 Launching Stage 4
Checking receipts on ukmserver
Done
14:05:24 Comparison data between poses and ukmserver
done
Stage 4 done
14:05:24 Launching Stage 5
Checking receipts on bush server
Done
14:06:14 Comparison data between poses and bushes
Done
Stage 5 Done
Done
Array
(
    [lid] => 3105
)
28-04-2021 14:06:17 Work finished




28-04-2021 14:30:01 Scheduled launch, interval: 30 minutes
Launching Stage 1
14:00:01
Creating temporary files
Collect data from poses
Stage 1 done
Launching Stage 2
14:00:01
Collect data from export DB
Removing temporary files
Stage 2 done
14:31:31 Launching Stage 3
Comparison data between poses and export
14:34:46 Stage 3 done
Pos with diff between itself and export
14:34:46 Launching Stage 4
Checking receipts on ukmserver
Done
14:35:26 Comparison data between poses and ukmserver
done
Stage 4 done
14:35:26 Launching Stage 5
Checking receipts on bush server
Done
14:36:15 Comparison data between poses and bushes
Done
Stage 5 Done
Done
Array
(
    [lid] => 3106
)
28-04-2021 14:36:18 Work finished




28-04-2021 15:00:01 Scheduled launch, interval: 30 minutes
Launching Stage 1
14:30:01
Creating temporary files
Collect data from poses
Stage 1 done
Launching Stage 2
14:30:01
Collect data from export DB
Removing temporary files
Stage 2 done
15:01:26 Launching Stage 3
Comparison data between poses and export
15:04:42 Stage 3 done
Pos with diff between itself and export
15:04:42 Launching Stage 4
Checking receipts on ukmserver
Done
15:05:26 Comparison data between poses and ukmserver
done
Stage 4 done
15:05:26 Launching Stage 5
Checking receipts on bush server
Done
15:06:14 Comparison data between poses and bushes
Done
Stage 5 Done
Done
Array
(
    [lid] => 3107
)
28-04-2021 15:06:17 Work finished
