23:30:10 72069004  Ping...
23:30:10 233001004  Ping...
23:30:10 72018001  Ping...
23:30:10 72110005  Ping...
23:30:11 219002001  Ping...
23:30:11 72069004  Ping OK
23:30:11 72069004  Checking DB
23:30:11 72095005  Ping...
23:30:11 233001004  Ping OK
23:30:11 233001004  Checking DB
23:30:11 72110005  Ping OK
23:30:11 72110005  Checking DB
23:30:11 72069004  DB OK
23:30:11 72069004   ISMONEY: 0
23:30:11 72069004  Checking for opened shift
23:30:11 72018001  Ping OK
23:30:11 72018001  Checking DB
23:30:11 233001004  DB OK
23:30:11 233001004   ISMONEY: 0
23:30:11 233001004  Checking for opened shift
23:30:11 72095005  Ping OK
23:30:11 72095005  Checking DB
23:30:11 219002001  Ping OK
23:30:11 219002001  Checking DB
23:30:12 72110005  DB OK
23:30:12 72110005   ISMONEY: 0
23:30:12 72110005  Checking for opened shift
23:30:12 72018001  DB OK
23:30:12 72018001   ISMONEY: 0
23:30:12 72018001  Checking for opened shift
23:30:12 72095005  DB OK
23:30:12 72095005   ISMONEY: 0
23:30:12 72095005  Checking for opened shift
23:30:12 72069004  Shift is open
23:30:12 72069004  Checking for unclosed receipt
23:30:12 233001004  Shift is open
23:30:12 233001004  Checking for unclosed receipt
23:30:12 219002001  DB OK
23:30:12 219002001   ISMONEY: 0
23:30:12 219002001  Checking for opened shift
23:30:13 72110005   13 (Shift already closed)
23:30:13 72069004  All receipts are closed
23:30:13 72018001  Shift is open
23:30:13 72018001  Checking for unclosed receipt
23:30:13 233001004  All receipts are closed
23:30:13 72069004  Restarting UKM...
23:30:13 72095005  Shift is open
23:30:13 72095005  Checking for unclosed receipt
23:30:14 233001004  Restarting UKM...
23:30:14 219002001  Shift is open
23:30:14 219002001  Checking for unclosed receipt
23:30:14 72018001  All receipts are closed
23:30:15 72018001  Restarting UKM...
23:30:15 72095005  All receipts are closed
23:30:15 72095005  Restarting UKM...
23:30:16 219002001  Receipt found
23:30:17 219002001  Restarting UKM...
23:30:23 72018001  Sleep 30 seconds to make sure ukmclient has been restarted
23:30:25 233001004  Sleep 30 seconds to make sure ukmclient has been restarted
23:30:28 72095005  Sleep 30 seconds to make sure ukmclient has been restarted
23:30:29 72069004  Sleep 30 seconds to make sure ukmclient has been restarted
23:30:30 219002001  Sleep 30 seconds to make sure ukmclient has been restarted
23:30:40 72024003  Ping...
23:30:40 72047004  Ping...
23:30:54 72018001  UKM started successfully
23:30:56 233001004  UKM started successfully
23:31:00 72069004  UKM started successfully
23:31:00 72095005  UKM started successfully
23:31:00 219002001  Checking for unclosed receipt
23:31:02 219002001  All receipts are closed
23:31:04 219002001  UKM started successfully
23:31:04 72018001  Search for money in cashbox
23:31:06 72018001  Cashbox is empty
23:31:06 233001004  Search for money in cashbox
./shift_233001004.sh: line 187: =ERROR: command not found
ERROR 1146 (42S02) at line 1: Table 'ukmclient.tals' doesn't exist
23:31:08 233001004  Cashbox is not empty. Total: 34684.0000
23:31:10 72069004  Search for money in cashbox
23:31:10 72095005  Search for money in cashbox
23:31:10 72024003   10 (Pos is unreachable)
23:31:10 72047004   10 (Pos is unreachable)
23:31:10 72069004  Cashbox is empty
./shift_72095005.sh: line 187: =ERROR: command not found
ERROR 1146 (42S02) at line 1: Table 'ukmclient.tals' doesn't exist
23:31:13 72095005  Cashbox is not empty. Total: 16953.0000
23:31:14 219002001  Search for money in cashbox
./shift_219002001.sh: line 187: =ERROR: command not found
ERROR 1146 (42S02) at line 1: Table 'ukmclient.tals' doesn't exist
23:31:18 219002001  Cashbox is not empty. Total: 7877.0000
23:32:06 72018001   ISMONEY: 1
23:32:06 72018001  Checking that shift was closed correctly
23:32:07 72018001   18 (Failed to close shift)
ERROR 1146 (42S02) at line 1: Table 'ukmclient.tals' doesn't exist
23:32:09 233001004   ISMONEY: 3
23:32:09 233001004  Checking that shift was closed correctly
23:32:10 233001004  Shift number 480 was closed
23:32:10 233001004   0 (successfull)
23:32:11 72069004   ISMONEY: 1
23:32:11 72069004  Checking that shift was closed correctly
23:32:11 72069004   18 (Failed to close shift)
ERROR 1146 (42S02) at line 1: Table 'ukmclient.tals' doesn't exist
23:32:14 72095005   ISMONEY: 3
23:32:14 72095005  Checking that shift was closed correctly
23:32:16 72095005   18 (Failed to close shift)
ERROR 1146 (42S02) at line 1: Table 'ukmclient.tals' doesn't exist
23:32:19 219002001   ISMONEY: 3
23:32:19 219002001  Checking that shift was closed correctly
23:32:21 219002001   18 (Failed to close shift)
23:32:21 Done
