23:30:17 72035004  Ping...
23:30:18 72035004  Ping OK
23:30:18 72035004  Checking DB
23:30:18 72018001  Ping...
23:30:18 72110005  Ping...
23:30:18 72035004  DB OK
23:30:18 72035004   ISMONEY: 0
23:30:18 72035004  Checking for opened shift
23:30:18 72110005  Ping OK
23:30:18 72110005  Checking DB
23:30:18 72018001  Ping OK
23:30:18 72018001  Checking DB
23:30:18 72035004  Shift is open
23:30:18 72035004  Checking for unclosed receipt
23:30:19 72110005  DB OK
23:30:19 72110005   ISMONEY: 0
23:30:19 72110005  Checking for opened shift
23:30:19 72018001  DB OK
23:30:19 72018001   ISMONEY: 0
23:30:19 72018001  Checking for opened shift
23:30:19 72035004  Receipt found
ERROR 1048 (23000) at line 1: Column 'version' cannot be null
23:30:19 72035004  Restarting UKM...
23:30:20 72110005   13 (Shift already closed)
23:30:20 72018001  Shift is open
23:30:20 72018001  Checking for unclosed receipt
23:30:21 72018001  All receipts are closed
23:30:22 72018001  Restarting UKM...
23:30:27 72035004  Sleep 30 seconds to make sure ukmclient has been restarted
23:30:33 72018001  Sleep 30 seconds to make sure ukmclient has been restarted
23:30:47 32005002  Ping...
23:30:47 72024003  Ping...
23:30:47 72069004  Ping...
23:30:57 72035004  Checking for unclosed receipt
23:30:58 72035004  Receipt found
ERROR 1048 (23000) at line 1: Column 'version' cannot be null
23:30:58 72035004  Restarting UKM...
23:31:04 72018001  UKM started successfully
23:31:05 72035004  Sleep 30 seconds to make sure ukmclient has been restarted
23:31:14 72018001  Search for money in cashbox
23:31:16 72018001  Cashbox is empty
23:31:17 32005002   10 (Pos is unreachable)
23:31:17 72024003   10 (Pos is unreachable)
23:31:17 72069004   10 (Pos is unreachable)
23:31:35 72035004  Checking for unclosed receipt
23:31:36 72035004  Receipt found
ERROR 1048 (23000) at line 1: Column 'version' cannot be null
23:31:36 72035004  Restarting UKM...
23:31:44 72035004  Sleep 30 seconds to make sure ukmclient has been restarted
23:32:14 72035004   17 (POS has an open receipt)
23:32:16 72018001   ISMONEY: 1
23:32:16 72018001  Checking that shift was closed correctly
23:32:17 72018001   18 (Failed to close shift)
23:32:17 Done
