00:01:44 72037009  Ping...
00:01:44 72110005  Ping...
00:01:44 72037009  Ping OK
00:01:44 72037009  Checking DB
00:01:44 72110005  Ping OK
00:01:44 72110005  Checking DB
00:01:45 72110005  DB OK
00:01:45 72110005 ISMONEY: 0
00:01:45 72110005  Checking for opened shift
00:01:45 72037009  DB OK
00:01:45 72037009 ISMONEY: 0
00:01:45 72037009  Checking for opened shift
00:01:46 72110005  13 (Shift already closed)
00:01:46 72037009  Shift is open
00:01:46 72037009  Checking for unclosed receipt
00:01:47 72037009  All receipts are closed
00:01:48 72037009  Restarting UKM...
00:01:58 72037009  Sleep 30 seconds to make sure ukmclient has been restarted
00:02:30 72037009  UKM started successfully
00:02:40 72037009  Search for money in cashbox
00:02:42 72037009  Cashbox is not empty. Total: 20546.0000
00:03:13 72037009 ISMONEY: 3
00:03:13 72037009  Checking that shift was closed correctly
00:03:14 72037009  18 (Failed to close shift)
00:03:14 Done
00:03:46 72037009  Ping...
00:03:46 72110005  Ping...
00:03:46 72110005  Ping OK
00:03:46 72110005  Checking DB
00:03:46 72037009  Ping OK
00:03:46 72037009  Checking DB
00:03:47 72110005  DB OK
00:03:47 72110005 ISMONEY: 0
00:03:47 72110005  Checking for opened shift
00:03:47 72037009  DB OK
00:03:47 72037009 ISMONEY: 0
00:03:47 72037009  Checking for opened shift
00:03:48 72110005  13 (Shift already closed)
00:03:48 72037009  Shift is open
00:03:48 72037009  Checking for unclosed receipt
00:03:49 72037009  All receipts are closed
00:03:50 72037009  Restarting UKM...
00:04:00 72037009  Sleep 30 seconds to make sure ukmclient has been restarted
00:04:32 72037009  UKM started successfully
00:04:42 72037009  Search for money in cashbox
00:04:44 72037009  Cashbox is not empty. Total: 20546.0000
00:05:15 72037009 ISMONEY: 3
00:05:15 72037009  Checking that shift was closed correctly
00:05:16 72037009  18 (Failed to close shift)
00:05:16 Done
00:05:59 72037009  Ping...
00:05:59 72110005  Ping...
00:05:59 72110005  Ping OK
00:05:59 72037009  Ping OK
00:05:59 72110005  Checking DB
00:05:59 72037009  Checking DB
00:06:00 72110005  DB OK
00:06:00 72110005 ISMONEY: 0
00:06:00 72110005  Checking for opened shift
00:06:00 72037009  DB OK
00:06:00 72037009 ISMONEY: 0
00:06:00 72037009  Checking for opened shift
00:06:01 72110005  13 (Shift already closed)
00:06:01 72037009  Shift is open
00:06:01 72037009  Checking for unclosed receipt
00:06:02 72037009  All receipts are closed
00:06:03 72037009  Restarting UKM...
00:06:12 72037009  Sleep 30 seconds to make sure ukmclient has been restarted
00:06:43 72037009  UKM started successfully
00:06:53 72037009  Search for money in cashbox
00:06:56 72037009  Cashbox is not empty. Total: 20546.0000
00:07:28 72037009 ISMONEY: 3
00:07:28 72037009  Checking that shift was closed correctly
00:07:29 72037009  18 (Failed to close shift)
00:07:29 Done
00:20:08 72037009  Ping...
00:20:08 72110005  Ping...
00:20:09 72037009  Ping OK
00:20:09 72037009  Checking DB
00:20:09 72110005  Ping OK
00:20:09 72110005  Checking DB
00:20:09 72037009  DB OK
00:20:09 72037009 ISMONEY: 0
00:20:09 72037009  Checking for opened shift
00:20:09 72110005  DB OK
00:20:09 72110005 ISMONEY: 0
00:20:09 72110005  Checking for opened shift
00:20:10 72037009  Shift is open
00:20:10 72110005  13 (Shift already closed)
00:20:10 72037009  Checking for unclosed receipt
00:20:11 72037009  All receipts are closed
00:20:12 72037009  Restarting UKM...
00:20:22 72037009  Sleep 30 seconds to make sure ukmclient has been restarted
00:20:53 72037009  UKM started successfully
00:21:03 72037009  Search for money in cashbox
00:21:05 72037009  Cashbox is not empty. Total: 20546.0000
00:21:36 72037009 ISMONEY: 3
00:21:36 72037009  Checking that shift was closed correctly
00:21:37 72037009  18 (Failed to close shift)
00:21:37 Done
01:04:42 72037009  Ping...
01:04:42 72110005  Ping...
01:04:43 72110005  Ping OK
01:04:43 72110005  Checking DB
01:04:43 72037009  Ping OK
01:04:43 72037009  Checking DB
01:04:43 72110005  DB OK
01:04:43 72110005 ISMONEY: 0
01:04:43 72110005  Checking for opened shift
01:04:43 72037009  DB OK
01:04:43 72037009 ISMONEY: 0
01:04:43 72037009  Checking for opened shift
01:04:44 72110005  13 (Shift already closed)
01:04:45 72037009  Shift is open
01:04:45 72037009  Checking for unclosed receipt
01:04:46 72037009  All receipts are closed
01:04:46 72037009  Restarting UKM...
01:04:56 72037009  Sleep 30 seconds to make sure ukmclient has been restarted
01:05:27 72037009  UKM started successfully
01:05:37 72037009  Search for money in cashbox
01:05:38 72037009  Cashbox is empty
01:06:09 72037009 ISMONEY: 1
01:06:09 72037009  Checking that shift was closed correctly
01:06:10 72037009  18 (Failed to close shift)
01:06:10 Done
01:10:43 72037009  Ping...
01:10:43 72110005  Ping...
01:10:44 72110005  Ping OK
01:10:44 72110005  Checking DB
01:10:44 72037009  Ping OK
01:10:44 72037009  Checking DB
01:10:44 72110005  DB OK
01:10:44 72110005 ISMONEY: 0
01:10:44 72110005  Checking for opened shift
01:10:44 72037009  DB OK
01:10:44 72037009 ISMONEY: 0
01:10:44 72037009  Checking for opened shift
01:10:45 72110005  13 (Shift already closed)
01:10:45 72037009  Shift is open
01:10:45 72037009  Checking for unclosed receipt
01:10:46 72037009  All receipts are closed
01:10:47 72037009  Restarting UKM...
01:10:57 72037009  Sleep 30 seconds to make sure ukmclient has been restarted
01:11:28 72037009  UKM started successfully
01:11:38 72037009  Search for money in cashbox
01:11:40 72037009  Cashbox is not empty. Total: 20546.0000
01:12:40 72037009 ISMONEY: 3
01:12:40 72037009  Checking that shift was closed correctly
01:12:41 72037009  18 (Failed to close shift)
01:12:41 Done
01:23:51 72037009  Ping...
01:23:51 72110005  Ping...
01:23:52 72110005  Ping OK
01:23:52 72110005  Checking DB
01:23:52 72037009  Ping OK
01:23:52 72037009  Checking DB
01:23:52 72110005  DB OK
01:23:52 72110005 ISMONEY: 0
01:23:52 72110005  Checking for opened shift
01:23:53 72037009  DB OK
01:23:53 72037009 ISMONEY: 0
01:23:53 72037009  Checking for opened shift
01:23:54 72110005  13 (Shift already closed)
01:23:54 72037009  Shift is open
01:23:54 72037009  Checking for unclosed receipt
01:23:55 72037009  All receipts are closed
01:23:56 72037009  Restarting UKM...
01:24:05 72037009  Sleep 30 seconds to make sure ukmclient has been restarted
01:24:36 72037009  UKM started successfully
01:24:46 72037009  Search for money in cashbox
01:24:48 72037009  Cashbox is not empty. Total: 20546.0000
01:25:49 72037009 ISMONEY: 3
01:25:49 72037009  Checking that shift was closed correctly
01:25:50 72037009  18 (Failed to close shift)
01:25:50 Done
01:54:17 72110005  Ping...
01:54:17 72037009  Ping...
01:54:17 72110005  Ping OK
01:54:17 72110005  Checking DB
01:54:17 72037009  Ping OK
01:54:17 72037009  Checking DB
01:54:18 72110005  DB OK
01:54:18 72110005 ISMONEY: 0
01:54:18 72110005  Checking for opened shift
01:54:18 72037009  DB OK
01:54:18 72037009 ISMONEY: 0
01:54:18 72037009  Checking for opened shift
01:54:19 72110005  13 (Shift already closed)
01:54:19 72037009  Shift is open
01:54:19 72037009  Checking for unclosed receipt
01:54:20 72037009  All receipts are closed
01:54:21 72037009  Restarting UKM...
01:54:31 72037009  Sleep 30 seconds to make sure ukmclient has been restarted
01:55:02 72037009  UKM started successfully
01:55:12 72037009  Search for money in cashbox
ERROR 1064 (42000) at line 1: You have an error in your SQL syntax; check the manual that corresponds to your MySQL server version for the right syntax to use near 'exist tals as select * from trm_auth_local_storage' at line 1
01:55:14 72037009  Cashbox is not empty. Total: 20546.0000
ERROR 1146 (42S02) at line 1: Table 'ukmclient.tals' doesn't exist
01:56:15 72037009 ISMONEY: 3
01:56:15 72037009  Checking that shift was closed correctly
01:56:16 72037009  18 (Failed to close shift)
01:58:03 72110005  Ping...
01:58:03 72037009  Ping...
01:58:04 72110005  Ping OK
01:58:04 72110005  Checking DB
01:58:04 72037009  Ping OK
01:58:04 72037009  Checking DB
01:58:04 72110005  DB OK
01:58:04 72110005 ISMONEY: 0
01:58:04 72110005  Checking for opened shift
01:58:04 72037009  DB OK
01:58:04 72037009 ISMONEY: 0
01:58:04 72037009  Checking for opened shift
01:58:05 72110005  13 (Shift already closed)
01:58:06 72037009  Shift is open
01:58:06 72037009  Checking for unclosed receipt
01:58:07 72037009  All receipts are closed
01:58:07 72037009  Restarting UKM...
01:58:17 72037009  Sleep 30 seconds to make sure ukmclient has been restarted
01:58:48 72037009  UKM started successfully
01:58:58 72037009  Search for money in cashbox
ERROR 1064 (42000) at line 1: You have an error in your SQL syntax; check the manual that corresponds to your MySQL server version for the right syntax to use near 'exist tals as select * from trm_auth_local_storage' at line 1
01:59:01 72037009  Cashbox is not empty. Total: 20546.0000
ERROR 1146 (42S02) at line 1: Table 'ukmclient.tals' doesn't exist
02:00:01 72037009 ISMONEY: 3
02:00:01 72037009  Checking that shift was closed correctly
02:00:02 72037009  18 (Failed to close shift)
02:04:49 72110005  Ping...
02:04:49 72037009  Ping...
02:04:49 72110005  Ping OK
02:04:49 72110005  Checking DB
02:04:49 72037009  Ping OK
02:04:49 72037009  Checking DB
02:04:50 72110005  DB OK
02:04:50 72110005 ISMONEY: 0
02:04:50 72110005  Checking for opened shift
02:04:50 72037009  DB OK
02:04:50 72037009 ISMONEY: 0
02:04:50 72037009  Checking for opened shift
02:04:51 72110005  13 (Shift already closed)
02:04:51 72037009  Shift is open
02:04:51 72037009  Checking for unclosed receipt
02:04:52 72037009  All receipts are closed
02:04:53 72037009  Restarting UKM...
02:05:02 72037009  Sleep 30 seconds to make sure ukmclient has been restarted
02:05:34 72037009  UKM started successfully
02:05:44 72037009  Search for money in cashbox
02:05:46 72037009  Cashbox is not empty. Total: 20546.0000
02:06:47 72037009 ISMONEY: 3
02:06:47 72037009  Checking that shift was closed correctly
02:06:48 72037009  18 (Failed to close shift)
02:06:48 Done
02:10:03 72110005  Ping...
02:10:03 72037009  Ping...
02:10:03 72110005  Ping OK
02:10:03 72110005  Checking DB
02:10:03 72037009  Ping OK
02:10:03 72037009  Checking DB
02:10:04 72110005  DB OK
02:10:04 72110005 ISMONEY: 0
02:10:04 72110005  Checking for opened shift
02:10:04 72037009  DB OK
02:10:04 72037009 ISMONEY: 0
02:10:04 72037009  Checking for opened shift
02:10:05 72110005  13 (Shift already closed)
02:10:05 72037009  Shift is open
02:10:05 72037009  Checking for unclosed receipt
02:10:06 72037009  All receipts are closed
02:10:07 72037009  Restarting UKM...
02:10:16 72037009  Sleep 30 seconds to make sure ukmclient has been restarted
02:10:47 72037009  UKM started successfully
02:10:57 72037009  Search for money in cashbox
02:11:00 72037009  Cashbox is not empty. Total: 20546.0000
02:12:00 72037009 ISMONEY: 3
02:12:00 72037009  Checking that shift was closed correctly
02:12:02 72037009  18 (Failed to close shift)
02:12:02 Done
02:13:02 72110005  Ping...
02:13:02 72037009  Ping...
02:13:02 72110005  Ping OK
02:13:02 72110005  Checking DB
02:13:02 72037009  Ping OK
02:13:02 72037009  Checking DB
02:13:03 72110005  DB OK
02:13:03 72110005 ISMONEY: 0
02:13:03 72110005  Checking for opened shift
02:13:03 72037009  DB OK
02:13:03 72037009 ISMONEY: 0
02:13:03 72037009  Checking for opened shift
02:13:04 72110005  13 (Shift already closed)
02:13:04 72037009  Shift is open
02:13:04 72037009  Checking for unclosed receipt
02:13:05 72037009  All receipts are closed
02:13:06 72037009  Restarting UKM...
02:13:15 72037009  Sleep 30 seconds to make sure ukmclient has been restarted
02:13:47 72037009  UKM started successfully
02:13:57 72037009  Search for money in cashbox
02:13:59 72037009  Cashbox is not empty. Total: 20546.0000
02:15:00 72037009 ISMONEY: 3
02:15:00 72037009  Checking that shift was closed correctly
02:15:01 72037009  18 (Failed to close shift)
02:15:01 Done
23:30:18 222001002  Ping...
23:30:18 72110005  Ping...
23:30:18 213001003  Ping...
23:30:18 222001002  Ping OK
23:30:18 222001002  Checking DB
23:30:18 72113006  Ping...
23:30:18 72110005  Ping OK
23:30:18 72110005  Checking DB
23:30:18 222001002  DB OK
23:30:18 222001002 ISMONEY: 0
23:30:18 222001002  Checking for opened shift
23:30:19 213001003  Ping OK
23:30:19 213001003  Checking DB
23:30:19 72113006  Ping OK
23:30:19 72113006  Checking DB
23:30:19 72110005  DB OK
23:30:19 72110005 ISMONEY: 0
23:30:19 72110005  Checking for opened shift
23:30:19 222001002  Shift is open
23:30:19 222001002  Checking for unclosed receipt
23:30:19 213001003  DB OK
23:30:19 213001003 ISMONEY: 0
23:30:19 213001003  Checking for opened shift
23:30:20 72113006  DB OK
23:30:20 72113006 ISMONEY: 0
23:30:20 72113006  Checking for opened shift
23:30:20 222001002  All receipts are closed
23:30:20 72110005  13 (Shift already closed)
23:30:20 222001002  Restarting UKM...
23:30:21 213001003  13 (Shift already closed)
23:30:21 72113006  Shift is open
23:30:21 72113006  Checking for unclosed receipt
23:30:23 72113006  All receipts are closed
23:30:24 72113006  Restarting UKM...
23:30:33 222001002  Sleep 30 seconds to make sure ukmclient has been restarted
23:30:38 72113006  Sleep 30 seconds to make sure ukmclient has been restarted
23:31:04 222001002  UKM started successfully
23:31:10 72113006  UKM started successfully
23:31:14 222001002  Search for money in cashbox
23:31:15 222001002  Cashbox is empty
23:31:20 72113006  Search for money in cashbox
23:31:23 72113006  Cashbox is not empty. Total: 36304.0000
23:32:15 222001002 ISMONEY: 1
23:32:15 222001002  Checking that shift was closed correctly
23:32:16 222001002 Shift number 670 was closed
ERROR 1051 (42S02) at line 1: Unknown table 'tals'
23:32:16 222001002  0 (successfull)
23:32:24 72113006 ISMONEY: 3
23:32:24 72113006  Checking that shift was closed correctly
23:32:26 72113006 Shift number 2196 was closed
23:32:27 72113006  0 (successfull)
23:32:27 Done
