mysql: [Warning] Using a password on the command line interface can be insecure.
23:30:17 72035004  Ping...
ERROR 1049 (42000): Unknown database 'ukmclient'
23:30:17 72035010  Ping...
23:30:17 72018001  Ping...
23:30:17 72035004  Ping OK
23:30:17 72035004  Checking DB
23:30:17 72035010  Ping OK
23:30:17 72035010  Checking DB
23:30:17 72110005  Ping...
23:30:17 72035004  DB OK
23:30:17 72035004   ISMONEY: 0
23:30:17 72035004  Checking for opened shift
./shift_72035010.sh: line 70: [[: mysql: [Warning] Using a password on the command line interface can be insecure. ERROR 1049 (42000): Unknown database 'ukmclient': syntax error in expression (error token is ": [Warning] Using a password on the command line interface can be insecure. ERROR 1049 (42000): Unknown database 'ukmclient'")
23:30:17 72035010   11 (DB is unreachable)
23:30:17 72018001  Ping OK
23:30:17 72018001  Checking DB
23:30:17 72110005  Ping OK
23:30:17 72110005  Checking DB
23:30:18 72035004  Shift is open
23:30:18 72035004  Checking for unclosed receipt
23:30:18 72018001  DB OK
23:30:18 72018001   ISMONEY: 0
23:30:18 72018001  Checking for opened shift
23:30:18 72110005  DB OK
23:30:18 72110005   ISMONEY: 0
23:30:18 72110005  Checking for opened shift
23:30:18 72035004  All receipts are closed
23:30:19 72035004  Restarting UKM...
23:30:19 72018001  Shift is open
23:30:19 72018001  Checking for unclosed receipt
23:30:19 72110005   13 (Shift already closed)
23:30:20 72018001  All receipts are closed
23:30:20 72018001  Restarting UKM...
23:30:26 72035004  Sleep 30 seconds to make sure ukmclient has been restarted
23:30:29 72018001  Sleep 30 seconds to make sure ukmclient has been restarted
23:30:46 72007004  Ping...
23:30:46 72024003  Ping...
23:30:46 72069004  Ping...
23:30:57 72035004  UKM started successfully
23:31:01 72018001  UKM started successfully
23:31:07 72035004  Search for money in cashbox
23:31:07 72035004  Cashbox is empty
23:31:11 72018001  Search for money in cashbox
23:31:12 72018001  Cashbox is empty
23:31:16 72007004   10 (Pos is unreachable)
23:31:16 72024003   10 (Pos is unreachable)
23:31:16 72069004   10 (Pos is unreachable)
23:32:08 72035004   ISMONEY: 1
23:32:08 72035004  Checking that shift was closed correctly
23:32:08 72035004   18 (Failed to close shift)
23:32:12 72018001   ISMONEY: 1
23:32:12 72018001  Checking that shift was closed correctly
23:32:13 72018001   18 (Failed to close shift)
23:32:13 Done
