23:30:11 1006001  Ping...
23:30:11 72035004  Ping...
23:30:11 72018001  Ping...
23:30:12 72110005  Ping...
23:30:12 72035004  Ping OK
23:30:12 72035004  Checking DB
23:30:12 1006001  Ping OK
23:30:12 1006001  Checking DB
23:30:12 72035004  DB OK
23:30:12 72035004   ISMONEY: 0
23:30:12 72035004  Checking for opened shift
23:30:12 72018001  Ping OK
23:30:12 1006001  DB OK
23:30:12 72018001  Checking DB
23:30:12 1006001   ISMONEY: 0
23:30:12 1006001  Checking for opened shift
23:30:12 72110005  Ping OK
23:30:12 72110005  Checking DB
23:30:12 72035004  Shift is open
23:30:12 72035004  Checking for unclosed receipt
23:30:12 72018001  DB OK
23:30:12 72018001   ISMONEY: 0
23:30:12 72018001  Checking for opened shift
23:30:13 72110005  DB OK
23:30:13 72110005   ISMONEY: 0
23:30:13 72110005  Checking for opened shift
23:30:13 1006001  Shift is open
23:30:13 1006001  Checking for unclosed receipt
23:30:13 72035004  All receipts are closed
23:30:13 72035004  Restarting UKM...
23:30:14 72018001  Shift is open
23:30:14 72018001  Checking for unclosed receipt
23:30:14 1006001  Receipt found
23:30:14 72110005   13 (Shift already closed)
23:30:14 1006001  Restarting UKM...
23:30:15 72018001  All receipts are closed
23:30:15 72018001  Restarting UKM...
23:30:21 72035004  Sleep 30 seconds to make sure ukmclient has been restarted
23:30:24 72018001  Sleep 30 seconds to make sure ukmclient has been restarted
23:30:27 1006001  Sleep 30 seconds to make sure ukmclient has been restarted
23:30:41 32004002  Ping...
23:30:41 72007004  Ping...
23:30:41 72024003  Ping...
23:30:41 72069004  Ping...
23:30:51 72035004  UKM started successfully
23:30:55 72018001  UKM started successfully
23:30:57 1006001  Checking for unclosed receipt
23:30:59 1006001  All receipts are closed
23:31:00 1006001  UKM started successfully
23:31:01 72035004  Search for money in cashbox
23:31:02 72035004  Cashbox is empty
ERROR 1205 (HY000) at line 1: Lock wait timeout exceeded; try restarting transaction
23:31:03 72011003  Ping...
23:31:03 72011003  Ping OK
23:31:03 72011003  Checking DB
23:31:03 72011003  DB OK
23:31:03 72011003   ISMONEY: 0
23:31:03 72011003  Checking for opened shift
23:31:04 72011003  Shift is open
23:31:04 72011003  Checking for unclosed receipt
23:31:05 72011003  All receipts are closed
23:31:05 72018001  Search for money in cashbox
23:31:06 72011003  Restarting UKM...
23:31:06 72018001  Cashbox is empty
23:31:10 1006001  Search for money in cashbox
./shift_1006001.sh: line 187: =ERROR: command not found
23:31:11 32004002   10 (Pos is unreachable)
23:31:11 72007004   10 (Pos is unreachable)
23:31:11 72024003   10 (Pos is unreachable)
23:31:11 72069004   10 (Pos is unreachable)
ERROR 1146 (42S02) at line 1: Table 'ukmclient.tals' doesn't exist
23:31:12 1006001  Cashbox is not empty. Total: 30254.0000
23:31:16 72011003  Sleep 30 seconds to make sure ukmclient has been restarted
23:31:47 72011003  UKM started successfully
23:31:57 72011003  Search for money in cashbox
./shift_72011003.sh: line 187: =ERROR: command not found
ERROR 1146 (42S02) at line 1: Table 'ukmclient.tals' doesn't exist
23:32:00 72011003  Cashbox is not empty. Total: 17169.0000
23:32:02 72035004   ISMONEY: 1
23:32:02 72035004  Checking that shift was closed correctly
23:32:03 72035004   18 (Failed to close shift)
23:32:07 72018001   ISMONEY: 1
23:32:07 72018001  Checking that shift was closed correctly
23:32:08 72018001   18 (Failed to close shift)
ERROR 1146 (42S02) at line 1: Table 'ukmclient.tals' doesn't exist
23:32:13 1006001   ISMONEY: 3
23:32:13 1006001  Checking that shift was closed correctly
23:32:14 1006001  Shift number 180 was closed
23:32:14 1006001   0 (successfull)
ERROR 1146 (42S02) at line 1: Table 'ukmclient.tals' doesn't exist
23:33:00 72011003   ISMONEY: 3
23:33:00 72011003  Checking that shift was closed correctly
23:33:01 72011003  Shift number 1772 was closed
23:33:01 72011003   0 (successfull)
23:33:01 Done
