23:30:18 232001001  Ping...
23:30:18 232001004  Ping...
23:30:18 72035004  Ping...
23:30:18 232001001  Ping OK
23:30:18 232001001  Checking DB
23:30:18 232001004  Ping OK
23:30:18 232001004  Checking DB
23:30:18 72035004  Ping OK
23:30:18 72035004  Checking DB
23:30:18 72018001  Ping...
23:30:18 72089008  Ping...
23:30:18 72110005  Ping...
23:30:18 232001001  DB OK
23:30:18 232001001   ISMONEY: 0
23:30:18 232001001  Checking for opened shift
23:30:18 232001004  DB OK
23:30:18 232001004   ISMONEY: 0
23:30:18 232001004  Checking for opened shift
23:30:18 72035004  DB OK
23:30:18 72035004   ISMONEY: 0
23:30:18 72035004  Checking for opened shift
23:30:18 72091012  Ping...
23:30:19 72089008  Ping OK
23:30:19 72089008  Checking DB
23:30:19 72110005  Ping OK
23:30:19 72110005  Checking DB
23:30:19 72018001  Ping OK
23:30:19 72018001  Checking DB
23:30:19 232001001  Shift is open
23:30:19 232001001  Checking for unclosed receipt
23:30:19 232001004  Shift is open
23:30:19 232001004  Checking for unclosed receipt
23:30:19 72035004  Shift is open
23:30:19 72035004  Checking for unclosed receipt
23:30:19 72091012  Ping OK
23:30:19 72091012  Checking DB
23:30:19 72089008  DB OK
23:30:19 72089008   ISMONEY: 0
23:30:19 72089008  Checking for opened shift
23:30:19 72110005  DB OK
23:30:19 72110005   ISMONEY: 0
23:30:19 72110005  Checking for opened shift
23:30:19 72018001  DB OK
23:30:19 72018001   ISMONEY: 0
23:30:19 72018001  Checking for opened shift
23:30:19 72035004  Receipt found
23:30:19 232001001  All receipts are closed
23:30:19 232001004  All receipts are closed
ERROR 1048 (23000) at line 1: Column 'version' cannot be null
23:30:20 72035004  Restarting UKM...
23:30:20 232001001  Restarting UKM...
23:30:20 72091012  DB OK
23:30:20 72091012   ISMONEY: 0
23:30:20 72091012  Checking for opened shift
23:30:20 232001004  Restarting UKM...
23:30:20 72110005   13 (Shift already closed)
23:30:20 72089008  Shift is open
23:30:20 72089008  Checking for unclosed receipt
23:30:21 72018001  Shift is open
23:30:21 72018001  Checking for unclosed receipt
23:30:21 72089008  All receipts are closed
23:30:21 72091012  Shift is open
23:30:21 72091012  Checking for unclosed receipt
23:30:22 72018001  All receipts are closed
23:30:22 72089008  Restarting UKM...
23:30:23 72018001  Restarting UKM...
23:30:23 72091012  All receipts are closed
23:30:24 72091012  Restarting UKM...
23:30:27 72035004  Sleep 30 seconds to make sure ukmclient has been restarted
23:30:32 72018001  Sleep 30 seconds to make sure ukmclient has been restarted
23:30:33 72089008  Sleep 30 seconds to make sure ukmclient has been restarted
23:30:33 232001001  Sleep 30 seconds to make sure ukmclient has been restarted
23:30:34 72091012  Sleep 30 seconds to make sure ukmclient has been restarted
23:30:36 232001004  Sleep 30 seconds to make sure ukmclient has been restarted
23:30:47 1007003  Ping...
23:30:47 72007004  Ping...
23:30:47 72024003  Ping...
23:30:47 72069004  Ping...
23:30:57 72035004  Checking for unclosed receipt
23:30:58 72035004  Receipt found
ERROR 1048 (23000) at line 1: Column 'version' cannot be null
23:30:58 72035004  Restarting UKM...
23:31:03 72018001  UKM started successfully
23:31:04 232001001  UKM started successfully
23:31:04 72089008  UKM started successfully
23:31:06 72091012  UKM started successfully
23:31:06 72035004  Sleep 30 seconds to make sure ukmclient has been restarted
23:31:07 232001004  UKM started successfully
23:31:13 72018001  Search for money in cashbox
23:31:14 232001001  Search for money in cashbox
23:31:14 72089008  Search for money in cashbox
23:31:14 232001001  Cashbox is empty
23:31:15 72018001  Cashbox is empty
23:31:16 72091012  Search for money in cashbox
23:31:17 72089008  Cashbox is not empty. Total: 426.0000
23:31:17 232001004  Search for money in cashbox
23:31:17 72091012  Cashbox is empty
23:31:17 1007003   10 (Pos is unreachable)
23:31:17 72007004   10 (Pos is unreachable)
23:31:17 72024003   10 (Pos is unreachable)
23:31:18 72069004   10 (Pos is unreachable)
23:31:18 232001004  Cashbox is empty
23:31:36 72035004  Checking for unclosed receipt
23:31:37 72035004  Receipt found
ERROR 1048 (23000) at line 1: Column 'version' cannot be null
23:31:37 72035004  Restarting UKM...
23:31:45 72035004  Sleep 30 seconds to make sure ukmclient has been restarted
23:32:14 232001001   ISMONEY: 1
23:32:14 232001001  Checking that shift was closed correctly
23:32:15 72018001   ISMONEY: 1
23:32:15 72018001  Checking that shift was closed correctly
23:32:15 72035004   17 (POS has an open receipt)
23:32:15 232001001  Shift number 14 was closed
ERROR 1051 (42S02) at line 1: Unknown table 'tals'
23:32:16 232001001   0 (successfull)
23:32:16 72018001   18 (Failed to close shift)
23:32:17 72091012   ISMONEY: 1
23:32:17 72091012  Checking that shift was closed correctly
23:32:18 72089008   ISMONEY: 3
23:32:18 72089008  Checking that shift was closed correctly
23:32:18 232001004   ISMONEY: 1
23:32:18 232001004  Checking that shift was closed correctly
23:32:19 72089008   18 (Failed to close shift)
23:32:19 232001004  Shift number 5 was closed
23:32:19 72091012   18 (Failed to close shift)
ERROR 1051 (42S02) at line 1: Unknown table 'tals'
23:32:19 232001004   0 (successfull)
23:32:19 Done
