23:30:17 72037009  Ping...
23:30:17 72110005  Ping...
23:30:17 72037009  Ping OK
23:30:17 72037009  Checking DB
23:30:17 72110005  Ping OK
23:30:17 72110005  Checking DB
23:30:18 72110005  DB OK
23:30:18 72110005 ISMONEY: 0
23:30:18 72110005  Checking for opened shift
23:30:18 72037009  DB OK
23:30:18 72037009 ISMONEY: 0
23:30:18 72037009  Checking for opened shift
bash: -c: line 1: unexpected EOF while looking for matching `"'
bash: -c: line 2: syntax error: unexpected end of file
23:30:19 72110005  13 (Shift already closed)
bash: -c: line 1: unexpected EOF while looking for matching `"'
bash: -c: line 2: syntax error: unexpected end of file
23:30:19 72037009  Shift is open
23:30:19 72037009  Checking for unclosed receipt
23:30:21 72037009  All receipts are closed
23:30:21 72037009  Restarting UKM...
23:30:33 72037009  Sleep 30 seconds to make sure ukmclient has been restarted
23:31:04 72037009  UKM stared successfully
23:31:14 72037009  Search for money in cashbox
23:31:16 72037009  Cashbox is not empty. Total: 20546.0000
23:31:47 72037009 ISMONEY: 3
23:31:47 72037009  Checking that shift was closed correctly
bash: -c: line 1: unexpected EOF while looking for matching `"'
bash: -c: line 2: syntax error: unexpected end of file
23:31:48 72037009  18 (Failed to close shift)
23:31:48 Done
23:37:45 72037009  Ping...
23:37:45 72110005  Ping...
23:37:46 72037009  Ping OK
23:37:46 72037009  Checking DB
23:37:46 72110005  Ping OK
23:37:46 72110005  Checking DB
23:37:46 72110005  DB OK
23:37:46 72110005 ISMONEY: 0
23:37:46 72110005  Checking for opened shift
23:37:46 72037009  DB OK
23:37:46 72037009 ISMONEY: 0
23:37:46 72037009  Checking for opened shift
bash: -c: line 1: unexpected EOF while looking for matching `"'
bash: -c: line 2: syntax error: unexpected end of file
23:37:48 72110005  13 (Shift already closed)
bash: -c: line 1: unexpected EOF while looking for matching `"'
bash: -c: line 2: syntax error: unexpected end of file
23:37:48 72037009  Shift is open
23:37:48 72037009  Checking for unclosed receipt
23:37:49 72037009  All receipts are closed
23:37:49 72037009  Restarting UKM...
23:37:59 72037009  Sleep 30 seconds to make sure ukmclient has been restarted
23:38:30 72037009  UKM stared successfully
23:38:40 72037009  Search for money in cashbox
23:38:42 72037009  Cashbox is not empty. Total: 20546.0000
23:39:13 72037009 ISMONEY: 3
23:39:13 72037009  Checking that shift was closed correctly
bash: -c: line 1: unexpected EOF while looking for matching `"'
bash: -c: line 2: syntax error: unexpected end of file
23:39:15 72037009  18 (Failed to close shift)
23:39:15 Done
23:39:30 72037009  Ping...
23:39:30 72110005  Ping...
23:39:31 72110005  Ping OK
23:39:31 72110005  Checking DB
23:39:31 72037009  Ping OK
23:39:31 72037009  Checking DB
23:39:31 72110005  DB OK
23:39:31 72110005 ISMONEY: 0
23:39:31 72110005  Checking for opened shift
23:39:31 72037009  DB OK
23:39:31 72037009 ISMONEY: 0
23:39:31 72037009  Checking for opened shift
bash: -c: line 1: unexpected EOF while looking for matching `"'
bash: -c: line 2: syntax error: unexpected end of file
23:39:33 72110005  13 (Shift already closed)
bash: -c: line 1: unexpected EOF while looking for matching `"'
bash: -c: line 2: syntax error: unexpected end of file
23:39:33 72037009  Shift is open
23:39:33 72037009  Checking for unclosed receipt
23:39:34 72037009  All receipts are closed
23:39:34 72037009  Restarting UKM...
23:39:44 72037009  Sleep 30 seconds to make sure ukmclient has been restarted
23:40:15 72037009  UKM stared successfully
23:40:25 72037009  Search for money in cashbox
23:40:27 72037009  Cashbox is not empty. Total: 20546.0000
23:40:58 72037009 ISMONEY: 3
23:40:58 72037009  Checking that shift was closed correctly
bash: -c: line 1: unexpected EOF while looking for matching `"'
bash: -c: line 2: syntax error: unexpected end of file
23:41:00 72037009  18 (Failed to close shift)
23:41:30 72037009  Ping...
23:41:30 72110005  Ping...
23:41:30 72110005  Ping OK
23:41:30 72110005  Checking DB
23:41:30 72037009  Ping OK
23:41:30 72037009  Checking DB
23:41:31 72110005  DB OK
23:41:31 72110005 ISMONEY: 0
23:41:31 72110005  Checking for opened shift
23:41:31 72037009  DB OK
23:41:31 72037009 ISMONEY: 0
23:41:31 72037009  Checking for opened shift
23:41:32 72110005  13 (Shift already closed)
23:41:32 72037009  Shift is open
23:41:32 72037009  Checking for unclosed receipt
23:41:33 72037009  All receipts are closed
23:41:33 72037009  Restarting UKM...
23:41:43 72037009  Sleep 30 seconds to make sure ukmclient has been restarted
23:42:14 72037009  UKM stared successfully
23:42:24 72037009  Search for money in cashbox
23:42:26 72037009  Cashbox is not empty. Total: 20546.0000
23:42:57 72037009 ISMONEY: 3
23:42:57 72037009  Checking that shift was closed correctly
23:42:58 72037009  18 (Failed to close shift)
23:44:29 72037009  Ping...
23:44:29 72110005  Ping...
23:44:29 72110005  Ping OK
23:44:29 72110005  Checking DB
23:44:29 72037009  Ping OK
23:44:29 72037009  Checking DB
23:44:30 72110005  DB OK
23:44:30 72110005 ISMONEY: 0
23:44:30 72110005  Checking for opened shift
23:44:30 72037009  DB OK
23:44:30 72037009 ISMONEY: 0
23:44:30 72037009  Checking for opened shift
23:44:31 72110005  13 (Shift already closed)
23:44:31 72037009  Shift is open
23:44:31 72037009  Checking for unclosed receipt
23:44:32 72037009  All receipts are closed
23:44:32 72037009  Restarting UKM...
23:44:42 72037009  Sleep 30 seconds to make sure ukmclient has been restarted
23:45:13 72037009  UKM started successfully
23:45:23 72037009  Search for money in cashbox
23:45:25 72037009  Cashbox is not empty. Total: 20546.0000
23:46:26 72037009 ISMONEY: 3
23:46:26 72037009  Checking that shift was closed correctly
23:46:27 72037009  18 (Failed to close shift)
23:46:27 Done
23:51:25 72037009  Ping...
23:51:25 72110005  Ping...
23:51:25 72037009  Ping OK
23:51:25 72037009  Checking DB
23:51:25 72110005  Ping OK
23:51:25 72110005  Checking DB
23:51:26 72110005  DB OK
23:51:26 72110005 ISMONEY: 0
23:51:26 72110005  Checking for opened shift
23:51:26 72037009  DB OK
23:51:26 72037009 ISMONEY: 0
23:51:26 72037009  Checking for opened shift
23:51:27 72110005  13 (Shift already closed)
23:51:27 72037009  Shift is open
23:51:27 72037009  Checking for unclosed receipt
23:51:28 72037009  All receipts are closed
ERROR 1136 (21S01) at line 1: Column count doesn't match value count at row 1
23:51:29 72037009  Restarting UKM...
23:51:39 72037009  Sleep 30 seconds to make sure ukmclient has been restarted
23:52:10 72037009  UKM started successfully
23:52:20 72037009  Search for money in cashbox
23:52:22 72037009  Cashbox is not empty. Total: 20546.0000
23:52:53 72037009 ISMONEY: 3
23:52:53 72037009  Checking that shift was closed correctly
23:52:54 72037009  18 (Failed to close shift)
23:54:21 72037009  Ping...
23:54:21 72110005  Ping...
23:54:22 72110005  Ping OK
23:54:22 72110005  Checking DB
23:54:22 72037009  Ping OK
23:54:22 72037009  Checking DB
23:54:22 72110005  DB OK
23:54:22 72110005 ISMONEY: 0
23:54:22 72110005  Checking for opened shift
23:54:23 72037009  DB OK
23:54:23 72037009 ISMONEY: 0
23:54:23 72037009  Checking for opened shift
23:54:24 72110005  13 (Shift already closed)
23:54:24 72037009  Shift is open
23:54:24 72037009  Checking for unclosed receipt
23:54:25 72037009  All receipts are closed
23:54:26 72037009  Restarting UKM...
23:54:36 72037009  Sleep 30 seconds to make sure ukmclient has been restarted
23:55:07 72037009  UKM started successfully
23:55:17 72037009  Search for money in cashbox
23:55:19 72037009  Cashbox is not empty. Total: 20546.0000
23:55:49 72037009 ISMONEY: 3
23:55:49 72037009  Checking that shift was closed correctly
23:55:50 72037009  18 (Failed to close shift)
23:57:46 72037009  Ping...
23:57:46 72110005  Ping...
23:57:47 72037009  Ping OK
23:57:47 72110005  Ping OK
23:57:47 72037009  Checking DB
23:57:47 72110005  Checking DB
23:57:47 72110005  DB OK
23:57:47 72110005 ISMONEY: 0
23:57:47 72110005  Checking for opened shift
23:57:47 72037009  DB OK
23:57:47 72037009 ISMONEY: 0
23:57:47 72037009  Checking for opened shift
23:57:48 72110005  13 (Shift already closed)
23:57:48 72037009  Shift is open
23:57:48 72037009  Checking for unclosed receipt
23:57:49 72037009  All receipts are closed
23:57:49 72037009  Restarting UKM...
23:57:59 72037009  Sleep 30 seconds to make sure ukmclient has been restarted
23:58:31 72037009  UKM started successfully
23:58:41 72037009  Search for money in cashbox
23:58:43 72037009  Cashbox is not empty. Total: 20546.0000
23:59:14 72037009 ISMONEY: 3
23:59:14 72037009  Checking that shift was closed correctly
23:59:15 72037009  18 (Failed to close shift)
23:59:15 Done
