23:30:16 1001001  Ping...
23:30:16 1001007  Ping...
23:30:16 1003001  Ping...
23:30:16 1003007  Ping...
23:30:16 1003008  Ping...
23:30:16 1003009  Ping...
23:30:16 1003010  Ping...
23:30:16 1005003  Ping...
23:30:16 1005004  Ping...
23:30:16 1005006  Ping...
23:30:16 1006001  Ping...
23:30:17 1006007  Ping...
23:30:17 1006008  Ping...
23:30:17 1006009  Ping...
23:30:17 1003007  Ping OK
23:30:17 1003007  Checking DB
23:30:17 1001007  Ping OK
23:30:17 1003001  Ping OK
23:30:17 1006010  Ping...
23:30:17 1001007  Checking DB
23:30:17 1001001  Ping OK
23:30:17 1003001  Checking DB
23:30:17 1001001  Checking DB
23:30:17 1007003  Ping...
23:30:17 1003009  Ping OK
23:30:17 1003009  Checking DB
23:30:17 1003008  Ping OK
23:30:17 1003008  Checking DB
23:30:17 1007004  Ping...
23:30:17 1007005  Ping...
23:30:17 1008001  Ping...
23:30:17 1006001  Ping OK
23:30:17 1006001  Checking DB
23:30:17 1008003  Ping...
23:30:17 1006007  Ping OK
23:30:17 1006007  Checking DB
23:30:17 1006009  Ping OK
23:30:17 1006009  Checking DB
23:30:17 1008005  Ping...
23:30:17 1006008  Ping OK
23:30:17 1008007  Ping...
23:30:17 1006008  Checking DB
23:30:17 199001002  Ping...
23:30:17 199001003  Ping...
23:30:17 1006010  Ping OK
23:30:17 1006010  Checking DB
23:30:17 199001004  Ping...
23:30:17 1003007  DB OK
23:30:17 1003007  Checking for opened shift
23:30:17 200001001  Ping...
23:30:17 200001002  Ping...
23:30:17 1003009  DB OK
23:30:17 1003009  Checking for opened shift
23:30:17 1001007  DB OK
23:30:17 1001007  Checking for opened shift
23:30:17 200001003  Ping...
23:30:17 1003001  DB OK
23:30:17 1003001  Checking for opened shift
23:30:17 1006009  DB OK
23:30:17 1006009  Checking for opened shift
23:30:17 200001004  Ping...
23:30:17 1006007  DB OK
23:30:17 1006007  Checking for opened shift
23:30:17 1001001  DB OK
23:30:17 1003008  DB OK
23:30:17 1001001  Checking for opened shift
23:30:17 1006001  DB OK
23:30:17 1003008  Checking for opened shift
23:30:17 1006001  Checking for opened shift
23:30:17 202001001  Ping...
23:30:17 1006008  DB OK
23:30:17 1006008  Checking for opened shift
23:30:17 202001004  Ping...
23:30:17 202001005  Ping...
23:30:17 203001001  Ping...
23:30:17 1006010  DB OK
23:30:17 1006010  Checking for opened shift
23:30:17 203001002  Ping...
23:30:17 203001003  Ping...
23:30:18 199001002  Ping OK
23:30:18 199001002  Checking DB
23:30:18 203001004  Ping...
23:30:18 199001003  Ping OK
23:30:18 199001003  Checking DB
23:30:18 204001001  Ping...
23:30:18 199001004  Ping OK
23:30:18 199001004  Checking DB
23:30:18 204001002  Ping...
23:30:18 202001004  Ping OK
23:30:18 202001004  Checking DB
23:30:18 204001003  Ping...
23:30:18 202001005  Ping OK
23:30:18 202001005  Checking DB
23:30:18 202001001  Ping OK
23:30:18 202001001  Checking DB
23:30:18 205001001  Ping...
23:30:18 205001003  Ping...
23:30:18 205001004  Ping...
23:30:18 205001005  Ping...
23:30:18 1006009  13 (Shift already closed)
23:30:18 200001001  Ping OK
23:30:18 207001001  Ping...
23:30:18 200001001  Checking DB
23:30:18 203001001  Ping OK
23:30:18 203001001  Checking DB
23:30:18 1006007  13 (Shift already closed)
23:30:18 205001001  Ping OK
23:30:18 205001001  Checking DB
23:30:18 207001002  Ping...
23:30:18 203001003  Ping OK
23:30:18 203001003  Checking DB
23:30:18 205001003  Ping OK
23:30:18 205001003  Checking DB
23:30:18 207001003  Ping...
23:30:18 203001002  Ping OK
23:30:18 199001002  DB OK
23:30:18 203001002  Checking DB
23:30:18 202001004  DB OK
23:30:18 199001002  Checking for opened shift
23:30:18 202001005  DB OK
23:30:18 207002001  Ping...
23:30:18 202001004  Checking for opened shift
23:30:18 202001005  Checking for opened shift
23:30:18 203001004  Ping OK
23:30:18 203001004  Checking DB
23:30:18 207002002  Ping...
23:30:18 199001003  DB OK
23:30:18 199001003  Checking for opened shift
23:30:18 202001001  DB OK
23:30:18 202001001  Checking for opened shift
23:30:18 205001005  Ping OK
23:30:18 205001005  Checking DB
23:30:18 1006001  13 (Shift already closed)
23:30:18 207002003  Ping...
23:30:18 204001001  Ping OK
23:30:18 204001001  Checking DB
23:30:18 207002004  Ping...
23:30:18 207001001  Ping OK
23:30:18 207001001  Checking DB
23:30:18 209001002  Ping...
23:30:18 1003001  13 (Shift already closed)
23:30:18 199001004  DB OK
23:30:18 199001004  Checking for opened shift
23:30:18 1006008  13 (Shift already closed)
23:30:18 205001001  DB OK
23:30:18 1003007  13 (Shift already closed)
23:30:18 205001001  Checking for opened shift
23:30:18 209001003  Ping...
23:30:18 1003008  13 (Shift already closed)
23:30:18 207001003  Ping OK
23:30:18 204001003  Ping OK
23:30:18 207001003  Checking DB
23:30:18 209001004  Ping...
23:30:18 204001003  Checking DB
23:30:18 205001003  DB OK
23:30:18 1003009  13 (Shift already closed)
23:30:18 205001003  Checking for opened shift
23:30:18 1001007  13 (Shift already closed)
23:30:18 209002001  Ping...
23:30:18 205001004  Ping OK
23:30:18 205001004  Checking DB
23:30:18 1006010  13 (Shift already closed)
23:30:18 209002003  Ping...
23:30:18 205001005  DB OK
23:30:18 205001005  Checking for opened shift
23:30:18 209002004  Ping...
23:30:18 209002005  Ping...
23:30:18 1001001  13 (Shift already closed)
23:30:18 211001003  Ping...
23:30:18 207001001  DB OK
23:30:18 207001001  Checking for opened shift
23:30:18 211001004  Ping...
23:30:19 211001006  Ping...
23:30:19 207001003  DB OK
23:30:19 207001003  Checking for opened shift
23:30:19 211002001  Ping...
23:30:19 204001002  Ping OK
23:30:19 204001002  Checking DB
23:30:19 203001001  DB OK
23:30:19 203001001  Checking for opened shift
23:30:19 211002002  Ping...
23:30:19 209002001  Ping OK
23:30:19 209002001  Checking DB
23:30:19 207001002  Ping OK
23:30:19 207001002  Checking DB
23:30:19 211002003  Ping...
23:30:19 209002004  Ping OK
23:30:19 203001003  DB OK
23:30:19 209002004  Checking DB
23:30:19 203001003  Checking for opened shift
23:30:19 209002003  Ping OK
23:30:19 204001001  DB OK
23:30:19 204001001  Checking for opened shift
23:30:19 209002005  Ping OK
23:30:19 209002003  Checking DB
23:30:19 203001004  DB OK
23:30:19 207002002  Ping OK
23:30:19 209002005  Checking DB
23:30:19 203001004  Checking for opened shift
23:30:19 211002004  Ping...
23:30:19 209001003  Ping OK
23:30:19 207002002  Checking DB
23:30:19 211001003  Ping OK
23:30:19 209001004  Ping OK
23:30:19 211001003  Checking DB
23:30:19 209001003  Checking DB
23:30:19 203001002  DB OK
23:30:19 207002003  Ping OK
23:30:19 207002001  Ping OK
23:30:19 207002003  Checking DB
23:30:19 203001002  Checking for opened shift
23:30:19 207002001  Checking DB
23:30:19 205001004  DB OK
23:30:19 209001004  Checking DB
23:30:19 205001004  Checking for opened shift
23:30:19 202001001  13 (Shift already closed)
23:30:19 211001006  Ping OK
23:30:19 207002004  Ping OK
23:30:19 211001006  Checking DB
23:30:19 213001002  Ping...
23:30:19 204001003  DB OK
23:30:19 207002004  Checking DB
23:30:19 202001005  13 (Shift already closed)
23:30:19 202001004  13 (Shift already closed)
23:30:19 204001003  Checking for opened shift
23:30:19 211001004  Ping OK
23:30:19 200001001  DB OK
23:30:19 211001004  Checking DB
23:30:19 200001001  Checking for opened shift
23:30:19 205001005  13 (Shift already closed)
23:30:19 205001001  13 (Shift already closed)
23:30:19 213001003  Ping...
23:30:19 213001004  Ping...
23:30:19 213002002  Ping...
23:30:19 211002001  Ping OK
23:30:19 211002001  Checking DB
23:30:19 207001002  DB OK
23:30:19 207001002  Checking for opened shift
23:30:19 213002003  Ping...
23:30:19 209002001  DB OK
23:30:19 209002001  Checking for opened shift
23:30:19 211002003  Ping OK
23:30:19 211002003  Checking DB
23:30:19 207001001  13 (Shift already closed)
23:30:19 215001002  Ping...
23:30:19 211002002  Ping OK
23:30:19 211002002  Checking DB
23:30:19 215001003  Ping...
23:30:19 205001003  13 (Shift already closed)
23:30:19 215001004  Ping...
23:30:19 209002004  DB OK
23:30:19 209002004  Checking for opened shift
23:30:19 215001005  Ping...
23:30:19 209002005  DB OK
23:30:19 215002001  Ping...
23:30:19 209002005  Checking for opened shift
23:30:19 211001003  DB OK
23:30:19 211001003  Checking for opened shift
23:30:19 215002002  Ping...
23:30:19 209001002  Ping OK
23:30:19 209001002  Checking DB
23:30:19 215002003  Ping...
23:30:19 204001002  DB OK
23:30:19 204001002  Checking for opened shift
23:30:19 209002003  DB OK
23:30:19 211001006  DB OK
23:30:19 211001006  Checking for opened shift
23:30:19 209002003  Checking for opened shift
23:30:19 199001002  13 (Shift already closed)
23:30:19 207001003  13 (Shift already closed)
23:30:19 215002005  Ping...
23:30:19 211002004  Ping OK
23:30:19 211002004  Checking DB
23:30:19 215001002  Ping OK
23:30:19 215001002  Checking DB
23:30:19 217001001  Ping...
23:30:19 215001003  Ping OK
23:30:19 215001003  Checking DB
23:30:19 217001002  Ping...
23:30:19 199001003  13 (Shift already closed)
23:30:19 211002003  DB OK
23:30:19 205001004  13 (Shift already closed)
23:30:19 217001003  Ping...
23:30:19 211002003  Checking for opened shift
23:30:19 215001005  Ping OK
23:30:19 209001003  DB OK
23:30:19 215001005  Checking DB
23:30:19 209001003  Checking for opened shift
23:30:19 211001004  DB OK
23:30:19 211001004  Checking for opened shift
23:30:19 215001004  Ping OK
23:30:19 209001004  DB OK
23:30:19 215001004  Checking DB
23:30:19 211002001  DB OK
23:30:19 209001004  Checking for opened shift
23:30:19 211002001  Checking for opened shift
23:30:19 199001004  13 (Shift already closed)
23:30:19 217001004  Ping...
23:30:19 213001002  Ping OK
23:30:19 213001002  Checking DB
23:30:19 213002002  Ping OK
23:30:19 213002002  Checking DB
23:30:19 217002002  Ping...
23:30:19 211002002  DB OK
23:30:19 211002002  Checking for opened shift
23:30:19 207001002  13 (Shift already closed)
23:30:19 213002003  Ping OK
23:30:19 213002003  Checking DB
23:30:19 213001004  Ping OK
23:30:19 217002003  Ping...
23:30:19 213001004  Checking DB
23:30:19 207002002  DB OK
23:30:19 215002005  Ping OK
23:30:20 207002003  DB OK
23:30:20 207002002  Checking for opened shift
23:30:20 215002005  Checking DB
23:30:20 207002003  Checking for opened shift
23:30:20 215001002  DB OK
23:30:20 215001002  Checking for opened shift
23:30:20 219001001  Ping...
23:30:20 215001003  DB OK
23:30:20 215001003  Checking for opened shift
23:30:20 207002004  DB OK
23:30:20 207002004  Checking for opened shift
23:30:20 207002001  DB OK
23:30:20 207002001  Checking for opened shift
23:30:20 219001003  Ping...
23:30:20 219001004  Ping...
23:30:20 215001005  DB OK
23:30:20 215001005  Checking for opened shift
23:30:20 213001003  Ping OK
23:30:20 213001003  Checking DB
23:30:20 211002004  DB OK
23:30:20 219002001  Ping...
23:30:20 211002004  Checking for opened shift
23:30:20 217001002  Ping OK
23:30:20 217001002  Checking DB
23:30:20 219002002  Ping...
23:30:20 215001004  DB OK
23:30:20 209001002  DB OK
23:30:20 219002003  Ping...
23:30:20 215001004  Checking for opened shift
23:30:20 209001002  Checking for opened shift
23:30:20 209002004  13 (Shift already closed)
23:30:20 219002004  Ping...
23:30:20 215002002  Ping OK
23:30:20 215002002  Checking DB
23:30:20 217001003  Ping OK
23:30:20 217001003  Checking DB
23:30:20 221001001  Ping...
23:30:20 211001003  13 (Shift already closed)
23:30:20 209002001  13 (Shift already closed)
23:30:20 221001002  Ping...
23:30:20 215002003  Ping OK
23:30:20 215002003  Checking DB
23:30:20 215002005  DB OK
23:30:20 215002005  Checking for opened shift
23:30:20 221001003  Ping...
23:30:20 217001004  Ping OK
23:30:20 217001004  Checking DB
23:30:20 219001003  Ping OK
23:30:20 204001001  13 (Shift already closed)
23:30:20 221001004  Ping...
23:30:20 217002002  Ping OK
23:30:20 219001003  Checking DB
23:30:20 217002002  Checking DB
23:30:20 217002003  Ping OK
23:30:20 217002003  Checking DB
23:30:20 215002001  Ping OK
23:30:20 215002001  Checking DB
23:30:20 222001001  Ping...
23:30:20 209002005  13 (Shift already closed)
23:30:20 222001002  Ping...
23:30:20 219001004  Ping OK
23:30:20 219001001  Ping OK
23:30:20 219001004  Checking DB
23:30:20 219001001  Checking DB
23:30:20 204001003  13 (Shift already closed)
23:30:20 203001003  13 (Shift already closed)
23:30:20 222001003  Ping...
23:30:20 213002002  DB OK
23:30:20 213002002  Checking for opened shift
23:30:20 203001001  13 (Shift already closed)
23:30:20 222001004  Ping...
23:30:20 211002003  13 (Shift already closed)
23:30:20 222002001  Ping...
23:30:20 203001004  13 (Shift already closed)
23:30:20 213002003  DB OK
23:30:20 213002003  Checking for opened shift
23:30:20 222002002  Ping...
23:30:20 222002003  Ping...
23:30:20 217001002  DB OK
23:30:20 217001002  Checking for opened shift
23:30:20 215001002  13 (Shift already closed)
23:30:20 222002004  Ping...
23:30:20 215001003  13 (Shift already closed)
23:30:20 217001001  Ping OK
23:30:20 217001001  Checking DB
23:30:20 224001001  Ping...
23:30:20 211001006  13 (Shift already closed)
23:30:20 224001002  Ping...
23:30:20 221001001  Ping OK
23:30:20 222001001  Ping OK
23:30:20 221001001  Checking DB
23:30:20 222001001  Checking DB
23:30:20 224001003  Ping...
23:30:20 222001002  Ping OK
23:30:20 222001002  Checking DB
23:30:20 224001005  Ping...
23:30:20 213001002  DB OK
23:30:20 213001002  Checking for opened shift
23:30:20 221001002  Ping OK
23:30:20 219001003  DB OK
23:30:20 221001002  Checking DB
23:30:20 219001003  Checking for opened shift
23:30:20 226001002  Ping...
23:30:20 217001003  DB OK
23:30:20 217001003  Checking for opened shift
23:30:20 213001004  DB OK
23:30:20 213001004  Checking for opened shift
23:30:20 215002002  DB OK
23:30:20 215002002  Checking for opened shift
23:30:20 226001003  Ping...
23:30:20 222001004  Ping OK
23:30:20 221001004  Ping OK
23:30:20 221001004  Checking DB
23:30:20 222001004  Checking DB
23:30:20 204001002  13 (Shift already closed)
23:30:20 222001003  Ping OK
23:30:20 222001003  Checking DB
23:30:20 211002002  13 (Shift already closed)
23:30:20 219001004  DB OK
23:30:20 219001004  Checking for opened shift
23:30:20 209002003  13 (Shift already closed)
23:30:20 211001004  13 (Shift already closed)
23:30:20 226001005  Ping...
23:30:20 226002001  Ping...
23:30:20 217002002  DB OK
23:30:20 217002002  Checking for opened shift
23:30:20 217002003  DB OK
23:30:20 217002003  Checking for opened shift
23:30:20 219001001  DB OK
23:30:20 219001001  Checking for opened shift
23:30:20 209001003  13 (Shift already closed)
23:30:20 226002002  Ping...
23:30:20 215001005  13 (Shift already closed)
23:30:20 217001004  DB OK
23:30:20 217001004  Checking for opened shift
23:30:20 226002003  Ping...
23:30:20 219002001  Ping OK
23:30:20 219002001  Checking DB
23:30:20 215001004  13 (Shift already closed)
23:30:20 209001004  13 (Shift already closed)
23:30:20 227001001  Ping...
23:30:20 219002002  Ping OK
23:30:20 219002002  Checking DB
23:30:20 227001002  Ping...
23:30:20 224001001  Ping OK
23:30:21 224001001  Checking DB
23:30:21 224001002  Ping OK
23:30:21 224001002  Checking DB
23:30:21 222001001  DB OK
23:30:21 215002005  13 (Shift already closed)
23:30:21 222001001  Checking for opened shift
23:30:21 213001003  DB OK
23:30:21 222001002  DB OK
23:30:21 213001003  Checking for opened shift
23:30:21 222001002  Checking for opened shift
23:30:21 227001003  Ping...
23:30:21 221001003  Ping OK
23:30:21 221001003  Checking DB
23:30:21 224001003  Ping OK
23:30:21 224001003  Checking DB
23:30:21 219002003  Ping OK
23:30:21 219002003  Checking DB
23:30:21 224001005  Ping OK
23:30:21 224001005  Checking DB
23:30:21 227001004  Ping...
23:30:21 219002004  Ping OK
23:30:21 219002004  Checking DB
23:30:21 228001001  Ping...
23:30:21 222001004  DB OK
23:30:21 222001004  Checking for opened shift
23:30:21 222001003  DB OK
23:30:21 222001003  Checking for opened shift
23:30:21 228001002  Ping...
23:30:21 221001001  DB OK
23:30:21 221001001  Checking for opened shift
23:30:21 215002003  DB OK
23:30:21 215002003  Checking for opened shift
23:30:21 228001003  Ping...
23:30:21 221001002  DB OK
23:30:21 221001002  Checking for opened shift
23:30:21 217001001  DB OK
23:30:21 217001001  Checking for opened shift
23:30:21 231001001  Ping...
23:30:21 215002001  DB OK
23:30:21 215002001  Checking for opened shift
23:30:21 221001004  DB OK
23:30:21 221001004  Checking for opened shift
23:30:21 226002001  Ping OK
23:30:21 211002004  13 (Shift already closed)
23:30:21 231001004  Ping...
23:30:21 226002001  Checking DB
23:30:21 200001001  13 (Shift already closed)
23:30:21 231001005  Ping...
23:30:21 228001001  Ping OK
23:30:21 228001001  Checking DB
23:30:21 226002003  Ping OK
23:30:21 226002003  Checking DB
23:30:21 231001008  Ping...
23:30:21 228001002  Ping OK
23:30:21 228001002  Checking DB
23:30:21 226002002  Ping OK
23:30:21 226002002  Checking DB
23:30:21 224001002  DB OK
23:30:21 224001002  Checking for opened shift
23:30:21 224001001  DB OK
23:30:21 224001001  Checking for opened shift
23:30:21 232001001  Ping...
23:30:21 224001005  DB OK
23:30:21 224001005  Checking for opened shift
23:30:21 224001003  DB OK
23:30:21 232001002  Ping...
23:30:21 224001003  Checking for opened shift
23:30:21 226001003  Ping OK
23:30:21 226001002  Ping OK
23:30:21 226001002  Checking DB
23:30:21 226001003  Checking DB
23:30:21 209001002  13 (Shift already closed)
23:30:21 232001003  Ping...
23:30:21 217001002  13 (Shift already closed)
23:30:21 219001004  13 (Shift already closed)
23:30:21 226001005  Ping OK
23:30:21 232001004  Ping...
23:30:21 226001005  Checking DB
23:30:21 228001001  DB OK
23:30:21 228001001  Checking for opened shift
23:30:21 219001003  13 (Shift already closed)
23:30:21 233001001  Ping...
23:30:21 213002002  13 (Shift already closed)
23:30:21 215002002  13 (Shift already closed)
23:30:21 228001003  Ping OK
23:30:21 207002003  13 (Shift already closed)
23:30:21 228001003  Checking DB
23:30:21 233001002  Ping...
23:30:21 213002003  13 (Shift already closed)
23:30:21 228001002  DB OK
23:30:21 228001002  Checking for opened shift
23:30:21 222001002  13 (Shift already closed)
23:30:21 233001003  Ping...
23:30:21 211002001  13 (Shift already closed)
23:30:21 226002001  DB OK
23:30:21 226002001  Checking for opened shift
23:30:21 233001004  Ping...
23:30:21 221001003  DB OK
23:30:21 207002002  13 (Shift already closed)
23:30:21 221001003  Checking for opened shift
23:30:21 232001001  Ping OK
23:30:21 232001001  Checking DB
23:30:21 222001001  13 (Shift already closed)
23:30:21 233001007  Ping...
23:30:21 222001003  13 (Shift already closed)
23:30:21 217001003  13 (Shift already closed)
23:30:21 207002004  13 (Shift already closed)
23:30:21 219001001  13 (Shift already closed)
23:30:21 219002002  DB OK
23:30:21 238001001  Ping...
23:30:21 232001004  Ping OK
23:30:21 219002002  Checking for opened shift
23:30:21 232001004  Checking DB
23:30:21 217002003  13 (Shift already closed)
23:30:21 226002003  DB OK
23:30:21 227001001  Ping OK
23:30:21 227001001  Checking DB
23:30:21 226002003  Checking for opened shift
23:30:21 217002002  13 (Shift already closed)
23:30:21 219002001  DB OK
23:30:21 227001003  Ping OK
23:30:21 227001003  Checking DB
23:30:21 227001002  Ping OK
23:30:21 219002001  Checking for opened shift
23:30:21 227001002  Checking DB
23:30:21 207002001  13 (Shift already closed)
23:30:21 226002002  DB OK
23:30:21 226002002  Checking for opened shift
23:30:21 238001002  Ping...
23:30:21 222001004  13 (Shift already closed)
23:30:21 217001004  13 (Shift already closed)
23:30:21 238001003  Ping...
23:30:21 238001004  Ping...
23:30:21 227001004  Ping OK
23:30:21 227001004  Checking DB
23:30:21 32004002  Ping...
23:30:21 228001003  DB OK
23:30:21 228001003  Checking for opened shift
23:30:21 32004004  Ping...
23:30:22 219002003  DB OK
23:30:22 219002003  Checking for opened shift
23:30:22 219002004  DB OK
23:30:22 32004005  Ping...
23:30:22 219002004  Checking for opened shift
23:30:22 231001001  Ping OK
23:30:22 231001001  Checking DB
23:30:22 232001001  DB OK
23:30:22 232001001  Checking for opened shift
23:30:22 32004008  Ping...
23:30:22 233001001  Ping OK
23:30:22 233001001  Checking DB
23:30:22 228001001  13 (Shift already closed)
23:30:22 32005001  Ping...
23:30:22 231001004  Ping OK
23:30:22 231001004  Checking DB
23:30:22 231001005  Ping OK
23:30:22 231001005  Checking DB
23:30:22 32005002  Ping...
23:30:22 224001002  13 (Shift already closed)
23:30:22 32005014  Ping...
23:30:22 233001002  Ping OK
23:30:22 233001004  Ping OK
23:30:22 233001002  Checking DB
23:30:22 233001004  Checking DB
23:30:22 231001008  Ping OK
23:30:22 232001004  DB OK
23:30:22 231001008  Checking DB
23:30:22 232001004  Checking for opened shift
23:30:22 224001005  13 (Shift already closed)
23:30:22 233001003  Ping OK
23:30:22 233001003  Checking DB
23:30:22 221001004  13 (Shift already closed)
23:30:22 32006002  Ping...
23:30:22 224001001  13 (Shift already closed)
23:30:22 224001003  13 (Shift already closed)
23:30:22 221001001  13 (Shift already closed)
23:30:22 32006004  Ping...
23:30:22 226001002  DB OK
23:30:22 233001007  Ping OK
23:30:22 221001002  13 (Shift already closed)
23:30:22 233001007  Checking DB
23:30:22 226001002  Checking for opened shift
23:30:22 226001003  DB OK
23:30:22 32004002  Ping OK
23:30:22 226001003  Checking for opened shift
23:30:22 32004002  Checking DB
23:30:22 213001002  13 (Shift already closed)
23:30:22 217001001  13 (Shift already closed)
23:30:22 32006927  Ping...
23:30:22 226001005  DB OK
23:30:22 226001005  Checking for opened shift
23:30:22 44001001  Ping...
23:30:22 32004005  Ping OK
23:30:22 32004005  Checking DB
23:30:22 203001002  13 (Shift already closed)
23:30:22 44001016  Ping...
23:30:22 213001004  13 (Shift already closed)
23:30:22 32004008  Ping OK
23:30:22 32004008  Checking DB
23:30:22 44001017  Ping...
23:30:22 32004004  Ping OK
23:30:22 32004004  Checking DB
23:30:22 238001002  Ping OK
23:30:22 238001002  Checking DB
23:30:22 44003002  Ping...
23:30:22 238001004  Ping OK
23:30:22 238001004  Checking DB
23:30:22 44003003  Ping...
23:30:22 44003004  Ping...
23:30:22 228001002  13 (Shift already closed)
23:30:22 238001003  Ping OK
23:30:22 238001003  Checking DB
23:30:22 228001003  13 (Shift already closed)
23:30:22 238001001  Ping OK
23:30:22 238001001  Checking DB
23:30:22 44004001  Ping...
23:30:22 226002001  13 (Shift already closed)
23:30:22 44004003  Ping...
23:30:22 44004006  Ping...
23:30:22 44005001  Ping...
23:30:22 233001001  DB OK
23:30:22 233001001  Checking for opened shift
23:30:22 44005004  Ping...
23:30:22 233001004  DB OK
23:30:22 233001004  Checking for opened shift
23:30:22 32004002  DB OK
23:30:22 226002003  13 (Shift already closed)
23:30:22 215002001  13 (Shift already closed)
23:30:22 32004002  Checking for opened shift
23:30:22 221001003  13 (Shift already closed)
23:30:22 233001002  DB OK
23:30:22 233001002  Checking for opened shift
23:30:22 232001001  13 (Shift already closed)
23:30:22 227001002  DB OK
23:30:22 44005005  Ping...
23:30:22 227001002  Checking for opened shift
23:30:22 32004005  DB OK
23:30:22 32004005  Checking for opened shift
23:30:22 32006004  Ping OK
23:30:22 44005006  Ping...
23:30:22 32006002  Ping OK
23:30:22 32006004  Checking DB
23:30:22 32006002  Checking DB
23:30:22 32004008  DB OK
23:30:22 32004008  Checking for opened shift
23:30:22 233001003  DB OK
23:30:22 32006927  Ping OK
23:30:22 32006927  Checking DB
23:30:22 233001003  Checking for opened shift
23:30:22 44005007  Ping...
23:30:22 44005009  Ping...
23:30:22 233001007  DB OK
23:30:22 233001007  Checking for opened shift
23:30:22 226002002  13 (Shift already closed)
23:30:22 227001003  DB OK
23:30:22 231001001  DB OK
23:30:22 231001001  Checking for opened shift
23:30:22 227001003  Checking for opened shift
23:30:22 44004001  Ping OK
23:30:22 44004001  Checking DB
23:30:22 32004004  DB OK
23:30:22 44005018  Ping...
23:30:22 32004004  Checking for opened shift
23:30:22 227001001  DB OK
23:30:22 227001001  Checking for opened shift
23:30:22 44004003  Ping OK
23:30:22 44004003  Checking DB
23:30:22 44004006  Ping OK
23:30:22 44004006  Checking DB
23:30:22 44001016  Ping OK
23:30:22 44001016  Checking DB
23:30:22 215002003  13 (Shift already closed)
23:30:22 213001003  13 (Shift already closed)
23:30:22 44011001  Ping...
23:30:22 32005001  Ping OK
23:30:22 32005001  Checking DB
23:30:22 227001004  DB OK
23:30:22 227001004  Checking for opened shift
23:30:22 32005002  Ping OK
23:30:22 32005002  Checking DB
23:30:22 44011003  Ping...
23:30:22 44011004  Ping...
23:30:22 44012001  Ping...
23:30:23 44001017  Ping OK
23:30:23 44001017  Checking DB
23:30:23 232001004  13 (Shift already closed)
23:30:23 231001005  DB OK
23:30:23 44012002  Ping...
23:30:23 231001005  Checking for opened shift
23:30:23 238001002  DB OK
23:30:23 231001004  DB OK
23:30:23 238001002  Checking for opened shift
23:30:23 231001004  Checking for opened shift
23:30:23 238001004  DB OK
23:30:23 238001004  Checking for opened shift
23:30:23 44012006  Ping...
23:30:23 44012007  Ping...
23:30:23 44001001  Ping OK
23:30:23 44001001  Checking DB
23:30:23 231001008  DB OK
23:30:23 32005014  Ping OK
23:30:23 231001008  Checking for opened shift
23:30:23 32005014  Checking DB
23:30:23 44014005  Ping...
23:30:23 238001003  DB OK
23:30:23 238001003  Checking for opened shift
23:30:23 44014006  Ping...
23:30:23 44005001  Ping OK
23:30:23 44005001  Checking DB
23:30:23 44014007  Ping...
23:30:23 238001001  DB OK
23:30:23 238001001  Checking for opened shift
23:30:23 44005004  Ping OK
23:30:23 44004006  DB OK
23:30:23 44004001  DB OK
23:30:23 44004006  Checking for opened shift
23:30:23 44005004  Checking DB
23:30:23 44004001  Checking for opened shift
23:30:23 32006004  DB OK
23:30:23 72001028  Ping...
23:30:23 32006004  Checking for opened shift
23:30:23 32006927  DB OK
23:30:23 32006927  Checking for opened shift
23:30:23 44005005  Ping OK
23:30:23 44005005  Checking DB
23:30:23 72001029  Ping...
23:30:23 44004003  DB OK
23:30:23 44004003  Checking for opened shift
23:30:23 32006002  DB OK
23:30:23 32006002  Checking for opened shift
23:30:23 72001031  Ping...
23:30:23 44005006  Ping OK
23:30:23 44005006  Checking DB
23:30:23 72001032  Ping...
23:30:23 44005007  Ping OK
23:30:23 44005007  Checking DB
23:30:23 44014005  Ping OK
23:30:23 44014005  Checking DB
23:30:23 72001033  Ping...
23:30:23 44005009  Ping OK
23:30:23 44011004  Ping OK
23:30:23 44005009  Checking DB
23:30:23 44011004  Checking DB
23:30:23 72002003  Ping...
23:30:23 44014006  Ping OK
23:30:23 44014006  Checking DB
23:30:23 44001016  DB OK
23:30:23 44001016  Checking for opened shift
23:30:23 44014007  Ping OK
23:30:23 44014007  Checking DB
23:30:23 72002016  Ping...
23:30:23 32004005  13 (Shift already closed)
23:30:23 44011003  Ping OK
23:30:23 44011003  Checking DB
23:30:23 44005018  Ping OK
23:30:23 44005018  Checking DB
23:30:23 72002017  Ping...
23:30:23 32004008  13 (Shift already closed)
23:30:23 72003007  Ping...
23:30:23 44012002  Ping OK
23:30:23 219002002  13 (Shift already closed)
23:30:23 44012002  Checking DB
23:30:23 32004002  13 (Shift already closed)
23:30:23 72003008  Ping...
23:30:23 44012006  Ping OK
23:30:23 44012006  Checking DB
23:30:23 233001001  13 (Shift already closed)
23:30:23 32004004  13 (Shift already closed)
23:30:23 44012007  Ping OK
23:30:23 44012007  Checking DB
23:30:23 219002001  13 (Shift already closed)
23:30:23 44012001  Ping OK
23:30:23 44014005  DB OK
23:30:23 44001017  DB OK
23:30:23 44012001  Checking DB
23:30:23 233001004  13 (Shift already closed)
23:30:23 44014005  Checking for opened shift
23:30:23 44001017  Checking for opened shift
23:30:23 72003010  Ping...
23:30:23 72004002  Ping...
23:30:23 72004003  Ping...
23:30:23 32005002  DB OK
23:30:23 32005002  Checking for opened shift
23:30:23 219002004  13 (Shift already closed)
23:30:23 44014007  DB OK
23:30:23 44014007  Checking for opened shift
23:30:23 72004004  Ping...
23:30:23 44014006  DB OK
23:30:23 44014006  Checking for opened shift
23:30:23 72002003  Ping OK
23:30:23 72002003  Checking DB
23:30:23 72005003  Ping...
23:30:23 72002017  Ping OK
23:30:23 219002003  13 (Shift already closed)
23:30:23 72002017  Checking DB
23:30:23 72005005  Ping...
23:30:23 72003007  Ping OK
23:30:23 72003007  Checking DB
23:30:23 233001002  13 (Shift already closed)
23:30:23 72005006  Ping...
23:30:23 44005001  DB OK
23:30:23 32005001  DB OK
23:30:23 44005001  Checking for opened shift
23:30:23 32005001  Checking for opened shift
23:30:23 233001003  Shift is open
23:30:23 233001003  Checking for unclosed receipt
23:30:23 226001002  13 (Shift already closed)
23:30:23 44001001  DB OK
23:30:23 44001001  Checking for opened shift
23:30:23 72005007  Ping...
23:30:23 226001003  13 (Shift already closed)
23:30:23 44011004  DB OK
23:30:23 44011004  Checking for opened shift
23:30:23 44005004  DB OK
23:30:23 44005004  Checking for opened shift
23:30:23 44004006  13 (Shift already closed)
23:30:23 72003010  Ping OK
23:30:23 72003010  Checking DB
23:30:23 72006001  Ping...
23:30:23 72003008  Ping OK
23:30:23 72003008  Checking DB
23:30:23 233001007  13 (Shift already closed)
23:30:23 44005005  DB OK
23:30:23 44005005  Checking for opened shift
23:30:23 226001005  13 (Shift already closed)
23:30:23 72006004  Ping...
23:30:24 72006005  Ping...
23:30:24 72006007  Ping...
23:30:24 44005007  DB OK
23:30:24 44005007  Checking for opened shift
23:30:24 44005006  DB OK
23:30:24 44004003  13 (Shift already closed)
23:30:24 44005006  Checking for opened shift
23:30:24 32005014  DB OK
23:30:24 32005014  Checking for opened shift
23:30:24 72006009  Ping...
23:30:24 44011003  DB OK
23:30:24 44011003  Checking for opened shift
23:30:24 44005009  DB OK
23:30:24 72004002  Ping OK
23:30:24 72007002  Ping...
23:30:24 44005009  Checking for opened shift
23:30:24 72004002  Checking DB
23:30:24 72004003  Ping OK
23:30:24 72003007  DB OK
23:30:24 72002016  Ping OK
23:30:24 72005003  Ping OK
23:30:24 72004003  Checking DB
23:30:24 72003007  Checking for opened shift
23:30:24 72002016  Checking DB
23:30:24 72005003  Checking DB
23:30:24 72007003  Ping...
23:30:24 72005005  Ping OK
23:30:24 72005005  Checking DB
23:30:24 72002003  DB OK
23:30:24 72002003  Checking for opened shift
23:30:24 72004004  Ping OK
23:30:24 72002017  DB OK
23:30:24 72002017  Checking for opened shift
23:30:24 72004004  Checking DB
23:30:24 44004001  13 (Shift already closed)
23:30:24 72007004  Ping...
23:30:24 72005006  Ping OK
23:30:24 72005006  Checking DB
23:30:24 44014005  13 (Shift already closed)
23:30:24 72010013  Ping...
23:30:24 72003010  DB OK
23:30:24 72003010  Checking for opened shift
23:30:24 72010022  Ping...
23:30:24 44005018  DB OK
23:30:24 32006004  Shift is open
23:30:24 44005018  Checking for opened shift
23:30:24 32006004  Checking for unclosed receipt
23:30:24 44012002  DB OK
23:30:24 44012002  Checking for opened shift
23:30:24 44012006  DB OK
23:30:24 44012006  Checking for opened shift
23:30:24 72010023  Ping...
23:30:24 72005007  Ping OK
23:30:24 72005007  Checking DB
23:30:24 44014007  13 (Shift already closed)
23:30:24 72003008  DB OK
23:30:24 72003008  Checking for opened shift
23:30:24 72010026  Ping...
23:30:24 72001028  Ping OK
23:30:24 72001028  Checking DB
23:30:24 44012007  DB OK
23:30:24 44012007  Checking for opened shift
23:30:24 238001002  13 (Shift already closed)
23:30:24 44012001  DB OK
23:30:24 44012001  Checking for opened shift
23:30:24 72011002  Ping...
23:30:24 32006927  Shift is open
23:30:24 32006927  Checking for unclosed receipt
23:30:24 72011003  Ping...
23:30:24 44014006  13 (Shift already closed)
23:30:24 72011004  Ping...
23:30:24 72001032  Ping OK
23:30:24 72011005  Ping...
23:30:24 72001032  Checking DB
23:30:24 227001002  13 (Shift already closed)
23:30:24 72012002  Ping...
23:30:24 238001004  13 (Shift already closed)
23:30:24 72012005  Ping...
23:30:24 72005003  DB OK
23:30:24 72005003  Checking for opened shift
23:30:24 72002016  DB OK
23:30:24 72006001  Ping OK
23:30:24 72002016  Checking for opened shift
23:30:24 72006001  Checking DB
23:30:24 238001003  13 (Shift already closed)
23:30:24 72005005  DB OK
23:30:24 72006007  Ping OK
23:30:24 72005005  Checking for opened shift
23:30:24 72006007  Checking DB
23:30:24 72006004  Ping OK
23:30:24 72012006  Ping...
23:30:24 72006004  Checking DB
23:30:24 72004002  DB OK
23:30:24 72004002  Checking for opened shift
23:30:24 72005006  DB OK
23:30:24 72005006  Checking for opened shift
23:30:24 32006002  13 (Shift already closed)
23:30:24 72004003  DB OK
23:30:24 72004003  Checking for opened shift
23:30:24 72010013  Ping OK
23:30:24 72012010  Ping...
23:30:24 72010013  Checking DB
23:30:24 72004004  DB OK
23:30:24 72006005  Ping OK
23:30:24 72004004  Checking for opened shift
23:30:24 231001001  13 (Shift already closed)
23:30:24 72006005  Checking DB
23:30:24 72006009  Ping OK
23:30:24 72006009  Checking DB
23:30:24 238001001  13 (Shift already closed)
23:30:24 44001016  13 (Shift already closed)
23:30:24 227001003  13 (Shift already closed)
23:30:24 72010022  Ping OK
23:30:24 72010022  Checking DB
23:30:24 72010023  Ping OK
23:30:24 72010023  Checking DB
23:30:24 72013001  Ping...
23:30:24 72010026  Ping OK
23:30:24 72010026  Checking DB
23:30:24 227001004  13 (Shift already closed)
23:30:24 72013003  Ping...
23:30:24 72013005  Ping...
23:30:24 72005007  DB OK
23:30:24 72005007  Checking for opened shift
23:30:24 72003007  13 (Shift already closed)
23:30:24 231001004  13 (Shift already closed)
23:30:24 72015001  Ping...
23:30:24 72002003  13 (Shift already closed)
23:30:24 227001001  13 (Shift already closed)
23:30:24 72011002  Ping OK
23:30:24 72011002  Checking DB
23:30:24 72015002  Ping...
23:30:24 72015008  Ping...
23:30:24 72011003  Ping OK
23:30:24 72011003  Checking DB
23:30:24 44001017  13 (Shift already closed)
23:30:24 72015009  Ping...
23:30:24 233001003  All receipts are closed
23:30:24 233001003  Restarting UKM...
23:30:24 44011004  13 (Shift already closed)
23:30:24 72016001  Ping...
23:30:24 72011004  Ping OK
23:30:24 72011004  Checking DB
23:30:24 231001005  13 (Shift already closed)
23:30:24 72016004  Ping...
23:30:24 231001008  13 (Shift already closed)
23:30:24 72016009  Ping...
23:30:24 72002017  Shift is open
23:30:24 72002017  Checking for unclosed receipt
23:30:25 72011005  Ping OK
23:30:25 72011005  Checking DB
23:30:25 72017003  Ping...
23:30:25 72017004  Ping...
23:30:25 72006007  DB OK
23:30:25 72006007  Checking for opened shift
23:30:25 72003008  13 (Shift already closed)
23:30:25 72017006  Ping...
23:30:25 72012002  Ping OK
23:30:25 72012002  Checking DB
23:30:25 72010023  DB OK
23:30:25 72010023  Checking for opened shift
23:30:25 72010013  DB OK
23:30:25 72010013  Checking for opened shift
23:30:25 72003010  13 (Shift already closed)
23:30:25 72006001  DB OK
23:30:25 72013001  Ping OK
23:30:25 72013001  Checking DB
23:30:25 72018001  Ping...
23:30:25 72006001  Checking for opened shift
23:30:25 72010026  DB OK
23:30:25 72013003  Ping OK
23:30:25 72010026  Checking for opened shift
23:30:25 72010022  DB OK
23:30:25 72006004  DB OK
23:30:25 72013003  Checking DB
23:30:25 72010022  Checking for opened shift
23:30:25 72006004  Checking for opened shift
23:30:25 72012006  Ping OK
23:30:25 72012006  Checking DB
23:30:25 72002016  13 (Shift already closed)
23:30:25 44011003  13 (Shift already closed)
23:30:25 72018003  Ping...
23:30:25 72018004  Ping...
23:30:25 72005003  13 (Shift already closed)
23:30:25 72012010  Ping OK
23:30:25 72012010  Checking DB
23:30:25 72020002  Ping...
23:30:25 72006005  DB OK
23:30:25 72006005  Checking for opened shift
23:30:25 44005001  13 (Shift already closed)
23:30:25 72016001  Ping OK
23:30:25 72016001  Checking DB
23:30:25 72011002  DB OK
23:30:25 72011002  Checking for opened shift
23:30:25 72020004  Ping...
23:30:25 72013005  Ping OK
23:30:25 72013005  Checking DB
23:30:25 72016004  Ping OK
23:30:25 72016004  Checking DB
23:30:25 72011003  DB OK
23:30:25 72011003  Checking for opened shift
23:30:25 72020005  Ping...
23:30:25 72006009  DB OK
23:30:25 72012005  Ping OK
23:30:25 72006009  Checking for opened shift
23:30:25 32006004  All receipts are closed
23:30:25 72012005  Checking DB
23:30:25 32005002  13 (Shift already closed)
23:30:25 32006927  All receipts are closed
23:30:25 32006004  Restarting UKM...
23:30:25 44005004  13 (Shift already closed)
23:30:25 72015008  Ping OK
23:30:25 32006927  Restarting UKM...
23:30:25 44005005  13 (Shift already closed)
23:30:25 72016009  Ping OK
23:30:25 72015008  Checking DB
23:30:25 72016009  Checking DB
23:30:25 72022003  Ping...
23:30:25 72011004  DB OK
23:30:25 72011004  Checking for opened shift
23:30:25 72001028  DB OK
23:30:25 72001028  Checking for opened shift
23:30:25 44005007  13 (Shift already closed)
23:30:25 72005006  13 (Shift already closed)
23:30:25 72022004  Ping...
23:30:25 44005006  13 (Shift already closed)
23:30:25 72022005  Ping...
23:30:25 44005009  13 (Shift already closed)
23:30:25 72004002  13 (Shift already closed)
23:30:25 72022006  Ping...
23:30:25 72001032  DB OK
23:30:25 72001032  Checking for opened shift
23:30:25 72023002  Ping...
23:30:25 72015009  Ping OK
23:30:25 72015009  Checking DB
23:30:25 72005007  13 (Shift already closed)
23:30:25 72004004  13 (Shift already closed)
23:30:25 72023003  Ping...
23:30:25 44012002  13 (Shift already closed)
23:30:25 72023005  Ping...
23:30:25 72011005  DB OK
23:30:25 72011005  Checking for opened shift
23:30:25 72005005  13 (Shift already closed)
23:30:25 72015002  Ping OK
23:30:25 72015002  Checking DB
23:30:25 72023006  Ping...
23:30:25 44012006  13 (Shift already closed)
23:30:25 72013001  DB OK
23:30:25 72013001  Checking for opened shift
23:30:25 72004003  13 (Shift already closed)
23:30:25 72002017  All receipts are closed
23:30:25 72002017  Restarting UKM...
23:30:25 72023007  Ping...
23:30:25 72013003  DB OK
23:30:25 72013003  Checking for opened shift
23:30:25 32005001  13 (Shift already closed)
23:30:25 72024003  Ping...
23:30:25 72018004  Ping OK
23:30:25 72018004  Checking DB
23:30:25 72016001  DB OK
23:30:25 72016001  Checking for opened shift
23:30:25 72018001  Ping OK
23:30:25 72018001  Checking DB
23:30:25 44012007  13 (Shift already closed)
23:30:25 72016004  DB OK
23:30:25 72016004  Checking for opened shift
23:30:25 32005014  13 (Shift already closed)
23:30:25 72024004  Ping...
23:30:25 44012001  13 (Shift already closed)
23:30:25 72024007  Ping...
23:30:25 72020004  Ping OK
23:30:25 72020004  Checking DB
23:30:25 72020002  Ping OK
23:30:25 72016009  DB OK
23:30:25 72020002  Checking DB
23:30:25 72016009  Checking for opened shift
23:30:25 72022003  Ping OK
23:30:25 72022003  Checking DB
23:30:25 72025003  Ping...
23:30:25 44001001  13 (Shift already closed)
23:30:25 44005018  13 (Shift already closed)
23:30:25 72018003  Ping OK
23:30:25 72018003  Checking DB
23:30:25 72012002  DB OK
23:30:25 72025004  Ping...
23:30:25 72012002  Checking for opened shift
23:30:25 72020005  Ping OK
23:30:25 72020005  Checking DB
23:30:25 72025006  Ping...
23:30:25 72012006  DB OK
23:30:25 72012006  Checking for opened shift
23:30:25 72026001  Ping...
23:30:25 72013005  DB OK
23:30:25 72013005  Checking for opened shift
23:30:25 72022004  Ping OK
23:30:25 72022004  Checking DB
23:30:25 72010023  13 (Shift already closed)
23:30:25 72026004  Ping...
23:30:25 72017003  Ping OK
23:30:25 72017003  Checking DB
23:30:25 72010013  Shift is open
23:30:25 72010013  Checking for unclosed receipt
23:30:25 72024003  Ping OK
23:30:25 72024003  Checking DB
23:30:25 72026006  Ping...
23:30:26 72024004  Ping OK
23:30:26 72012010  DB OK
23:30:26 72027001  Ping...
23:30:26 72024004  Checking DB
23:30:26 72012010  Checking for opened shift
23:30:26 72017004  Ping OK
23:30:26 72017004  Checking DB
23:30:26 72015008  DB OK
23:30:26 72015008  Checking for opened shift
23:30:26 72024007  Ping OK
23:30:26 72024007  Checking DB
23:30:26 72027003  Ping...
23:30:26 72027004  Ping...
23:30:26 72017006  Ping OK
23:30:26 72017006  Checking DB
23:30:26 72010026  13 (Shift already closed)
23:30:26 72028002  Ping...
23:30:26 72026001  Ping OK
23:30:26 72026001  Checking DB
23:30:26 72022006  Ping OK
23:30:26 72022006  Checking DB
23:30:26 72028003  Ping...
23:30:26 72028005  Ping...
23:30:26 72006007  13 (Shift already closed)
23:30:26 72026004  Ping OK
23:30:26 72026004  Checking DB
23:30:26 72028006  Ping...
23:30:26 72026006  Ping OK
23:30:26 72026006  Checking DB
23:30:26 72010022  13 (Shift already closed)
23:30:26 72012005  DB OK
23:30:26 72012005  Checking for opened shift
23:30:26 72018004  DB OK
23:30:26 72030001  Ping...
23:30:26 72018004  Checking for opened shift
23:30:26 72024003  DB OK
23:30:26 72024003  Checking for opened shift
23:30:26 72022003  DB OK
23:30:26 72015009  DB OK
23:30:26 72022003  Checking for opened shift
23:30:26 72015009  Checking for opened shift
23:30:26 72030003  Ping...
23:30:26 72018001  DB OK
23:30:26 72018001  Checking for opened shift
23:30:26 72024004  DB OK
23:30:26 72024004  Checking for opened shift
23:30:26 72024007  DB OK
23:30:26 72024007  Checking for opened shift
23:30:26 72015002  DB OK
23:30:26 72015002  Checking for opened shift
23:30:26 72030005  Ping...
23:30:26 72020004  DB OK
23:30:26 72022005  Ping OK
23:30:26 72020004  Checking for opened shift
23:30:26 72022005  Checking DB
23:30:26 72006001  13 (Shift already closed)
23:30:26 72020002  DB OK
23:30:26 72020002  Checking for opened shift
23:30:26 72030006  Ping...
23:30:26 72011003  13 (Shift already closed)
23:30:26 72020005  DB OK
23:30:26 72020005  Checking for opened shift
23:30:26 72025003  Ping OK
23:30:26 72025003  Checking DB
23:30:26 72006004  13 (Shift already closed)
23:30:26 72030007  Ping...
23:30:26 72025006  Ping OK
23:30:26 72025006  Checking DB
23:30:26 72031002  Ping...
23:30:26 72022004  DB OK
23:30:26 72022004  Checking for opened shift
23:30:26 72018003  DB OK
23:30:26 72018003  Checking for opened shift
23:30:26 72026004  DB OK
23:30:26 72026004  Checking for opened shift
23:30:26 72025004  Ping OK
23:30:26 72026006  DB OK
23:30:26 72025004  Checking DB
./shift_72026001.sh: line 66: [[: [Warning]: syntax error: operand expected (error token is "[Warning]")
23:30:26 72026006  Checking for opened shift
23:30:26 72031003  Ping...
23:30:26 72011002  13 (Shift already closed)
23:30:26 72026001  11 (DB is unreachable)
23:30:26 72023002  Ping OK
23:30:26 72023002  Checking DB
23:30:26 72016001  13 (Shift already closed)
23:30:26 72031004  Ping...
23:30:26 72006005  13 (Shift already closed)
23:30:26 72031009  Ping...
23:30:26 72011004  13 (Shift already closed)
23:30:26 72013003  13 (Shift already closed)
23:30:26 72032002  Ping...
23:30:26 72023003  Ping OK
23:30:26 72023003  Checking DB
23:30:26 72023007  Ping OK
23:30:26 72023007  Checking DB
23:30:26 72032004  Ping...
23:30:26 72016009  13 (Shift already closed)
23:30:26 72023005  Ping OK
23:30:26 72023005  Checking DB
23:30:26 72011005  13 (Shift already closed)
23:30:26 72006009  13 (Shift already closed)
23:30:26 72032006  Ping...
23:30:26 72023006  Ping OK
23:30:26 72023006  Checking DB
23:30:26 72016004  13 (Shift already closed)
23:30:26 72013001  13 (Shift already closed)
23:30:26 72033003  Ping...
23:30:26 72028005  Ping OK
23:30:26 72028005  Checking DB
23:30:26 72028006  Ping OK
23:30:26 72022006  DB OK
23:30:26 72022006  Checking for opened shift
23:30:26 72028006  Checking DB
23:30:26 72033004  Ping...
23:30:26 72033005  Ping...
23:30:26 72028003  Ping OK
23:30:26 72028003  Checking DB
23:30:26 72033006  Ping...
23:30:26 72017003  DB OK
23:30:26 72017003  Checking for opened shift
23:30:26 72035002  Ping...
23:30:26 72024004  13 (Shift already closed)
23:30:26 72030001  Ping OK
23:30:26 72030001  Checking DB
23:30:26 72035004  Ping...
23:30:26 72013005  13 (Shift already closed)
23:30:26 72032002  Ping OK
23:30:26 72024007  13 (Shift already closed)
23:30:26 72032002  Checking DB
23:30:26 72010013  All receipts are closed
23:30:26 72010013  Restarting UKM...
23:30:26 72030003  Ping OK
23:30:26 72030003  Checking DB
23:30:26 72032004  Ping OK
23:30:26 72032004  Checking DB
23:30:26 72022005  DB OK
23:30:26 72035009  Ping...
23:30:26 72022005  Checking for opened shift
23:30:26 72032006  Ping OK
23:30:27 72032006  Checking DB
23:30:27 72025003  DB OK
23:30:27 72025003  Checking for opened shift
23:30:27 72035010  Ping...
23:30:27 72028002  Ping OK
23:30:27 72028002  Checking DB
23:30:27 72036002  Ping...
23:30:27 72030007  Ping OK
23:30:27 72026006  13 (Shift already closed)
23:30:27 72030007  Checking DB
23:30:27 72030005  Ping OK
23:30:27 72030005  Checking DB
23:30:27 72017004  DB OK
23:30:27 72017004  Checking for opened shift
23:30:27 72036004  Ping...
23:30:27 72033003  Ping OK
23:30:27 72033004  Ping OK
23:30:27 72033003  Checking DB
23:30:27 72033004  Checking DB
23:30:27 72033005  Ping OK
23:30:27 72025006  DB OK
23:30:27 72025006  Checking for opened shift
23:30:27 72033005  Checking DB
23:30:27 72025004  DB OK
23:30:27 72030006  Ping OK
23:30:27 72030006  Checking DB
23:30:27 72035002  Ping OK
23:30:27 72017006  DB OK
23:30:27 72017006  Checking for opened shift
23:30:27 72035002  Checking DB
23:30:27 72025004  Checking for opened shift
23:30:27 72022003  13 (Shift already closed)
23:30:27 72033006  Ping OK
23:30:27 72033006  Checking DB
23:30:27 72031002  Ping OK
23:30:27 72036005  Ping...
23:30:27 72031002  Checking DB
23:30:27 72035004  Ping OK
23:30:27 72035004  Checking DB
23:30:27 72037008  Ping...
23:30:27 72031004  Ping OK
23:30:27 72031004  Checking DB
23:30:27 72037009  Ping...
23:30:27 72035010  Ping OK
23:30:27 72035010  Checking DB
23:30:27 72032002  DB OK
23:30:27 72032002  Checking for opened shift
23:30:27 72037011  Ping...
23:30:27 72032004  DB OK
23:30:27 72032004  Checking for opened shift
23:30:27 72015008  13 (Shift already closed)
23:30:27 72018004  13 (Shift already closed)
23:30:27 72039004  Ping...
23:30:27 72035009  Ping OK
23:30:27 72035009  Checking DB
23:30:27 72032006  DB OK
23:30:27 72032006  Checking for opened shift
23:30:27 72031003  Ping OK
23:30:27 72031003  Checking DB
23:30:27 72020004  13 (Shift already closed)
23:30:27 72039005  Ping...
23:30:27 72031009  Ping OK
23:30:27 72012006  13 (Shift already closed)
23:30:27 72031009  Checking DB
23:30:27 72028006  DB OK
23:30:27 72028006  Checking for opened shift
23:30:27 72039009  Ping...
23:30:27 72028005  DB OK
23:30:27 72028005  Checking for opened shift
23:30:27 72018001  13 (Shift already closed)
23:30:27 72040002  Ping...
23:30:27 72040004  Ping...
23:30:27 72020005  13 (Shift already closed)
23:30:27 72033003  DB OK
23:30:27 72033003  Checking for opened shift
23:30:27 72035002  DB OK
23:30:27 72035002  Checking for opened shift
23:30:27 72033004  DB OK
23:30:27 72028003  DB OK
23:30:27 72033004  Checking for opened shift
23:30:27 72028003  Checking for opened shift
23:30:27 72012002  13 (Shift already closed)
23:30:27 72033005  DB OK
23:30:27 72033005  Checking for opened shift
23:30:27 72033006  DB OK
23:30:27 72033006  Checking for opened shift
23:30:27 72035004  DB OK
23:30:27 72035004  Checking for opened shift
23:30:27 72040006  Ping...
23:30:27 72022004  13 (Shift already closed)
./shift_72035010.sh: line 66: [[: [Warning]: syntax error: operand expected (error token is "[Warning]")
23:30:27 72040007  Ping...
23:30:27 72035010  11 (DB is unreachable)
23:30:27 72023007  DB OK
23:30:27 72020002  13 (Shift already closed)
23:30:27 72023007  Checking for opened shift
23:30:27 72018003  13 (Shift already closed)
23:30:27 72041001  Ping...
23:30:27 72015009  13 (Shift already closed)
23:30:27 72024003  13 (Shift already closed)
23:30:27 72041003  Ping...
23:30:27 72041004  Ping...
23:30:27 72023002  DB OK
23:30:27 72023003  DB OK
23:30:27 72023002  Checking for opened shift
23:30:27 72023003  Checking for opened shift
23:30:27 72030001  DB OK
23:30:27 72030001  Checking for opened shift
23:30:27 72026004  13 (Shift already closed)
23:30:27 72041005  Ping...
23:30:27 72001032  13 (Shift already closed)
23:30:27 72035009  DB OK
23:30:27 72042001  Ping...
23:30:27 72028002  DB OK
23:30:27 72030003  DB OK
23:30:27 72035009  Checking for opened shift
23:30:27 72030003  Checking for opened shift
23:30:27 72023005  DB OK
23:30:27 72028002  Checking for opened shift
23:30:27 72023005  Checking for opened shift
23:30:27 72001028  13 (Shift already closed)
23:30:27 72042002  Ping...
23:30:27 72037008  Ping OK
23:30:27 72037009  Ping OK
23:30:27 72037008  Checking DB
23:30:27 72012010  13 (Shift already closed)
23:30:27 72037009  Checking DB
23:30:27 72036004  Ping OK
23:30:27 72023006  DB OK
23:30:27 72036004  Checking DB
23:30:27 72036005  Ping OK
23:30:27 72023006  Checking for opened shift
23:30:27 72036005  Checking DB
23:30:27 72039004  Ping OK
23:30:27 72039004  Checking DB
23:30:27 72042004  Ping...
23:30:27 72037011  Ping OK
23:30:27 72037011  Checking DB
23:30:27 72015002  13 (Shift already closed)
23:30:27 72043002  Ping...
23:30:27 72030007  DB OK
23:30:27 72031002  DB OK
23:30:27 72030007  Checking for opened shift
23:30:27 72031002  Checking for opened shift
23:30:27 72030005  DB OK
23:30:27 72030005  Checking for opened shift
23:30:27 72043003  Ping...
23:30:27 72039005  Ping OK
23:30:27 72039005  Checking DB
23:30:27 72043006  Ping...
23:30:27 72032002  13 (Shift already closed)
23:30:27 72030006  DB OK
23:30:27 72030006  Checking for opened shift
23:30:27 72043008  Ping...
23:30:27 72012005  13 (Shift already closed)
23:30:27 72044005  Ping...
23:30:28 72031004  DB OK
23:30:28 72031004  Checking for opened shift
23:30:28 72044006  Ping...
23:30:28 72036002  Ping OK
23:30:28 72036002  Checking DB
23:30:28 72044008  Ping...
23:30:28 72045001  Ping...
23:30:28 72041004  Ping OK
23:30:28 72041004  Checking DB
23:30:28 72035004  13 (Shift already closed)
23:30:28 72041001  Ping OK
23:30:28 72041001  Checking DB
23:30:28 72035002  13 (Shift already closed)
23:30:28 72045003  Ping...
23:30:28 72041003  Ping OK
23:30:28 72041003  Checking DB
23:30:28 72031009  DB OK
23:30:28 72031003  DB OK
23:30:28 72031009  Checking for opened shift
23:30:28 72031003  Checking for opened shift
23:30:28 72045004  Ping...
23:30:28 72033005  13 (Shift already closed)
23:30:28 72041005  Ping OK
23:30:28 72033006  13 (Shift already closed)
23:30:28 72041005  Checking DB
23:30:28 72045008  Ping...
23:30:28 72032006  13 (Shift already closed)
23:30:28 72046005  Ping...
23:30:28 72032004  13 (Shift already closed)
23:30:28 72046006  Ping...
23:30:28 72037009  DB OK
23:30:28 72037009  Checking for opened shift
23:30:28 72043002  Ping OK
23:30:28 72039009  Ping OK
23:30:28 72043002  Checking DB
23:30:28 72037008  DB OK
23:30:28 72037008  Checking for opened shift
23:30:28 72039009  Checking DB
23:30:28 72037011  DB OK
23:30:28 72037011  Checking for opened shift
23:30:28 72033003  13 (Shift already closed)
23:30:28 72046007  Ping...
23:30:28 72025004  13 (Shift already closed)
23:30:28 72045001  Ping OK
23:30:28 72025006  13 (Shift already closed)
23:30:28 72045001  Checking DB
23:30:28 72039004  DB OK
23:30:28 72039004  Checking for opened shift
23:30:28 72033004  13 (Shift already closed)
23:30:28 72022005  13 (Shift already closed)
23:30:28 72047004  Ping...
23:30:28 72022006  13 (Shift already closed)
23:30:28 72047009  Ping...
23:30:28 72039005  DB OK
23:30:28 72039005  Checking for opened shift
23:30:28 72044006  Ping OK
23:30:28 72044006  Checking DB
23:30:28 72043003  Ping OK
23:30:28 72047010  Ping...
23:30:28 72043003  Checking DB
23:30:28 72043008  Ping OK
23:30:28 72043008  Checking DB
23:30:28 72043006  Ping OK
23:30:28 72043006  Checking DB
23:30:28 72048001  Ping...
23:30:28 72045008  Ping OK
23:30:28 72045008  Checking DB
23:30:28 72048003  Ping...
23:30:28 72025003  13 (Shift already closed)
23:30:28 72048004  Ping...
23:30:28 72044008  Ping OK
23:30:28 72044008  Checking DB
23:30:28 72028006  13 (Shift already closed)
23:30:28 72048005  Ping...
23:30:28 72044005  Ping OK
23:30:28 72044005  Checking DB
23:30:28 72049001  Ping...
23:30:28 72028005  13 (Shift already closed)
23:30:28 72036004  DB OK
23:30:28 72036004  Checking for opened shift
23:30:28 72049004  Ping...
23:30:28 72049005  Ping...
23:30:28 72028003  13 (Shift already closed)
23:30:28 72041003  DB OK
23:30:28 72041003  Checking for opened shift
23:30:28 72035009  13 (Shift already closed)
23:30:28 72041001  DB OK
23:30:28 72045001  DB OK
23:30:28 72041001  Checking for opened shift
23:30:28 72017003  13 (Shift already closed)
23:30:28 72045001  Checking for opened shift
23:30:28 72041004  DB OK
23:30:28 72041004  Checking for opened shift
23:30:28 72049006  Ping...
23:30:28 72050001  Ping...
23:30:28 72036005  DB OK
23:30:28 72036005  Checking for opened shift
23:30:28 72050005  Ping...
23:30:28 72041005  DB OK
23:30:28 72041005  Checking for opened shift
23:30:28 72050010  Ping...
23:30:28 72045008  DB OK
23:30:28 72045008  Checking for opened shift
23:30:28 72050011  Ping...
23:30:28 72048005  Ping OK
23:30:28 72051003  Ping...
23:30:28 72048005  Checking DB
23:30:28 72048001  Ping OK
23:30:28 72043002  DB OK
23:30:28 72048003  Ping OK
23:30:28 72043002  Checking for opened shift
23:30:28 72048003  Checking DB
23:30:28 72048001  Checking DB
23:30:28 72028002  13 (Shift already closed)
23:30:28 72044006  DB OK
23:30:28 72044006  Checking for opened shift
23:30:28 72051004  Ping...
23:30:28 72039009  DB OK
23:30:28 72017004  13 (Shift already closed)
23:30:28 72039009  Checking for opened shift
23:30:29 72051005  Ping...
23:30:29 72043008  DB OK
23:30:29 72043008  Checking for opened shift
23:30:29 72052001  Ping...
23:30:29 72043003  DB OK
23:30:29 72043003  Checking for opened shift
23:30:29 72043006  DB OK
23:30:29 72043006  Checking for opened shift
23:30:29 72052003  Ping...
23:30:29 72044008  DB OK
23:30:29 72044008  Checking for opened shift
23:30:29 72050001  Ping OK
23:30:29 72050001  Checking DB
23:30:29 72052004  Ping...
23:30:29 72017006  13 (Shift already closed)
23:30:29 72053001  Ping...
23:30:29 72044005  DB OK
23:30:29 72044005  Checking for opened shift
23:30:29 72053005  Ping...
23:30:29 72036002  DB OK
23:30:29 72036002  Checking for opened shift
23:30:29 72030001  13 (Shift already closed)
23:30:29 72053006  Ping...
23:30:29 72050005  Ping OK
23:30:29 72050005  Checking DB
23:30:29 72030003  13 (Shift already closed)
23:30:29 72048004  Ping OK
23:30:29 72050010  Ping OK
23:30:29 72048004  Checking DB
23:30:29 72053007  Ping...
23:30:29 72050010  Checking DB
23:30:29 72050011  Ping OK
23:30:29 72050011  Checking DB
23:30:29 72054003  Ping...
23:30:29 72055001  Ping...
23:30:29 72045001  13 (Shift already closed)
23:30:29 72030007  13 (Shift already closed)
23:30:29 72055002  Ping...
23:30:29 72048003  DB OK
23:30:29 72048003  Checking for opened shift
23:30:29 72052001  Ping OK
23:30:29 72048005  DB OK
23:30:29 72037009  13 (Shift already closed)
23:30:29 72048001  DB OK
23:30:29 72048005  Checking for opened shift
23:30:29 72052001  Checking DB
23:30:29 72048001  Checking for opened shift
23:30:29 72030005  13 (Shift already closed)
23:30:29 72055003  Ping...
23:30:29 72030006  13 (Shift already closed)
23:30:29 72055005  Ping...
23:30:29 72031002  13 (Shift already closed)
23:30:29 72037008  13 (Shift already closed)
23:30:29 72056002  Ping...
23:30:29 72051004  Ping OK
23:30:29 72051004  Checking DB
23:30:29 72056004  Ping...
23:30:29 72050001  11 (DB is unreachable)
23:30:29 72045008  13 (Shift already closed)
23:30:29 72039004  13 (Shift already closed)
23:30:29 72039005  13 (Shift already closed)
23:30:29 72031004  13 (Shift already closed)
23:30:29 72052003  Ping OK
23:30:29 72052004  Ping OK
23:30:29 72053005  Ping OK
23:30:29 72056008  Ping...
23:30:29 72052004  Checking DB
23:30:29 72031003  13 (Shift already closed)
23:30:29 72052003  Checking DB
23:30:29 72023007  13 (Shift already closed)
23:30:29 72053005  Checking DB
23:30:29 72053006  Ping OK
23:30:29 72048004  DB OK
23:30:29 72053006  Checking DB
23:30:29 72048004  Checking for opened shift
23:30:29 72023002  13 (Shift already closed)
23:30:29 72053007  Ping OK
23:30:29 72050005  DB OK
23:30:29 72053007  Checking DB
23:30:29 72050005  Checking for opened shift
23:30:29 72058002  Ping...
23:30:29 72037011  13 (Shift already closed)
23:30:29 72050011  DB OK
23:30:29 72050010  DB OK
23:30:29 72050011  Checking for opened shift
23:30:29 72050010  Checking for opened shift
23:30:29 72054003  Ping OK
23:30:29 72058005  Ping...
23:30:29 72054003  Checking DB
23:30:29 72058008  Ping...
23:30:29 72053001  Ping OK
23:30:29 72053001  Checking DB
23:30:29 72059001  Ping...
23:30:29 72052001  DB OK
23:30:29 72052001  Checking for opened shift
23:30:29 72031009  13 (Shift already closed)
23:30:29 72059004  Ping...
23:30:29 72041004  13 (Shift already closed)
23:30:29 72059005  Ping...
23:30:29 72060001  Ping...
23:30:29 72041003  13 (Shift already closed)
23:30:29 72041001  13 (Shift already closed)
23:30:29 72060008  Ping...
23:30:29 72060009  Ping...
23:30:29 72023006  13 (Shift already closed)
23:30:29 72044006  13 (Shift already closed)
23:30:29 72060010  Ping...
23:30:29 72058002  Ping OK
23:30:29 72058002  Checking DB
23:30:30 72062001  Ping...
23:30:30 72023005  13 (Shift already closed)
23:30:30 72058005  Ping OK
23:30:30 72041005  13 (Shift already closed)
23:30:30 72058005  Checking DB
23:30:30 72062002  Ping...
23:30:30 72062007  Ping...
23:30:30 72023003  13 (Shift already closed)
23:30:30 72058008  Ping OK
23:30:30 72058008  Checking DB
23:30:30 72051004  DB OK
23:30:30 72052004  DB OK
23:30:30 72062008  Ping...
23:30:30 72052004  Checking for opened shift
23:30:30 72043002  13 (Shift already closed)
23:30:30 72048005  13 (Shift already closed)
23:30:30 72055003  Ping OK
23:30:30 72056002  Ping OK
23:30:30 72055003  Checking DB
23:30:30 72055002  Ping OK
23:30:30 72051004  Checking for opened shift
23:30:30 72056002  Checking DB
23:30:30 72055002  Checking DB
23:30:30 72053005  DB OK
23:30:30 72053006  DB OK
23:30:30 72054003  DB OK
23:30:30 72053005  Checking for opened shift
23:30:30 72054003  Checking for opened shift
23:30:30 72053007  DB OK
23:30:30 72053006  Checking for opened shift
23:30:30 72056008  Ping OK
23:30:30 72056008  Checking DB
23:30:30 72056004  Ping OK
23:30:30 72036004  13 (Shift already closed)
23:30:30 72043008  13 (Shift already closed)
23:30:30 72053007  Checking for opened shift
23:30:30 72052003  DB OK
23:30:30 72059001  Ping OK
23:30:30 72048003  13 (Shift already closed)
23:30:30 72052003  Checking for opened shift
23:30:30 72056004  Checking DB
23:30:30 72059001  Checking DB
23:30:30 72055001  Ping OK
23:30:30 72055001  Checking DB
23:30:30 72044005  13 (Shift already closed)
23:30:30 72043006  13 (Shift already closed)
23:30:30 72043003  13 (Shift already closed)
23:30:30 72058002  DB OK
23:30:30 72063001  Ping...
23:30:30 72058002  Checking for opened shift
23:30:30 72048001  13 (Shift already closed)
23:30:30 72055005  Ping OK
23:30:30 72055005  Checking DB
23:30:30 72039009  13 (Shift already closed)
23:30:30 72059005  Ping OK
23:30:30 72059005  Checking DB
23:30:30 72063002  Ping...
23:30:30 72053001  DB OK
23:30:30 72053001  Checking for opened shift
23:30:30 72063005  Ping...
23:30:30 72065005  Ping...
23:30:30 72058005  DB OK
23:30:30 72058005  Checking for opened shift
23:30:30 72065006  Ping...
23:30:30 72044008  13 (Shift already closed)
23:30:30 72060001  Ping OK
23:30:30 72060001  Checking DB
23:30:30 72065008  Ping...
23:30:30 72059004  Ping OK
23:30:30 72059004  Checking DB
23:30:30 72067005  Ping...
23:30:30 72067006  Ping...
23:30:30 72060008  Ping OK
23:30:30 72060008  Checking DB
23:30:30 72060009  Ping OK
23:30:30 72060009  Checking DB
23:30:30 72067007  Ping...
23:30:30 72060010  Ping OK
23:30:30 72060010  Checking DB
23:30:30 72058008  DB OK
23:30:30 72058008  Checking for opened shift
23:30:30 72068002  Ping...
23:30:30 72052001  13 (Shift already closed)
23:30:30 72050005  13 (Shift already closed)
23:30:30 72068003  Ping...
23:30:30 72068004  Ping...
23:30:30 72048004  13 (Shift already closed)
23:30:30 72069002  Ping...
23:30:30 72050011  13 (Shift already closed)
23:30:30 72050010  13 (Shift already closed)
23:30:30 72069004  Ping...
23:30:30 72069006  Ping...
23:30:30 72059001  DB OK
23:30:30 72069009  Ping...
23:30:30 72059001  Checking for opened shift
23:30:30 72070001  Ping...
23:30:30 72059005  DB OK
23:30:30 72059005  Checking for opened shift
23:30:30 72067005  Ping OK
23:30:30 72067006  Ping OK
23:30:30 72067005  Checking DB
23:30:30 72067006  Checking DB
23:30:30 72056008  DB OK
23:30:30 72056004  DB OK
23:30:30 72070002  Ping...
23:30:30 72056008  Checking for opened shift
23:30:30 72056004  Checking for opened shift
23:30:30 72060001  DB OK
23:30:30 72056002  DB OK
23:30:30 72065005  Ping OK
23:30:30 72060001  Checking for opened shift
23:30:30 72065005  Checking DB
23:30:30 72056002  Checking for opened shift
23:30:31 72067007  Ping OK
23:30:31 72055003  DB OK
23:30:31 72054003  13 (Shift already closed)
23:30:31 72067007  Checking DB
23:30:31 72070004  Ping...
23:30:31 72055003  Checking for opened shift
23:30:31 72058002  13 (Shift already closed)
23:30:31 72036005  13 (Shift already closed)
23:30:31 72068002  Ping OK
23:30:31 72068002  Checking DB
23:30:31 72068004  Ping OK
23:30:31 72068004  Checking DB
23:30:31 72070005  Ping...
23:30:31 72055002  DB OK
23:30:31 72055002  Checking for opened shift
23:30:31 72069002  Ping OK
23:30:31 72069002  Checking DB
23:30:31 72068003  Ping OK
23:30:31 72068003  Checking DB
23:30:31 72071001  Ping...
23:30:31 72059004  DB OK
23:30:31 72059004  Checking for opened shift
23:30:31 72060009  DB OK
23:30:31 72060009  Checking for opened shift
23:30:31 72071004  Ping...
23:30:31 72060008  DB OK
23:30:31 72060008  Checking for opened shift
23:30:31 72071006  Ping...
23:30:31 72052003  13 (Shift already closed)
23:30:31 72060010  DB OK
23:30:31 72074002  Ping...
23:30:31 72060010  Checking for opened shift
23:30:31 72052004  13 (Shift already closed)
23:30:31 72069009  Ping OK
23:30:31 72069009  Checking DB
23:30:31 72074008  Ping...
23:30:31 72055001  DB OK
23:30:31 72055001  Checking for opened shift
23:30:31 72055005  DB OK
23:30:31 72062002  Ping OK
23:30:31 72055005  Checking for opened shift
23:30:31 72062002  Checking DB
23:30:31 72069006  Ping OK
23:30:31 72069006  Checking DB
23:30:31 72074010  Ping...
23:30:31 72062007  Ping OK
23:30:31 72062007  Checking DB
23:30:31 72036002  13 (Shift already closed)
23:30:31 72058008  13 (Shift already closed)
23:30:31 72075005  Ping...
23:30:31 72075006  Ping...
23:30:31 72062008  Ping OK
23:30:31 72062008  Checking DB
23:30:31 72053005  13 (Shift already closed)
23:30:31 72062001  Ping OK
23:30:31 72053006  13 (Shift already closed)
23:30:31 72062001  Checking DB
23:30:31 72051004  13 (Shift already closed)
23:30:31 72053007  13 (Shift already closed)
23:30:31 72075007  Ping...
23:30:31 72058005  13 (Shift already closed)
23:30:31 72071001  Ping OK
23:30:31 72076004  Ping...
23:30:31 72071001  Checking DB
23:30:31 72053001  13 (Shift already closed)
23:30:31 72071006  Ping OK
23:30:31 72071006  Checking DB
23:30:31 72076006  Ping...
23:30:31 72076007  Ping...
23:30:31 72070002  Ping OK
23:30:31 72068004  DB OK
23:30:31 72070002  Checking DB
23:30:31 72068004  Checking for opened shift
23:30:31 72069002  DB OK
23:30:31 72071004  Ping OK
23:30:31 72069002  Checking for opened shift
23:30:31 72071004  Checking DB
23:30:31 72069004  Ping OK
23:30:31 72069004  Checking DB
23:30:31 72078001  Ping...
23:30:31 72067006  DB OK
23:30:31 72067005  DB OK
23:30:31 72067006  Checking for opened shift
23:30:31 72067005  Checking for opened shift
23:30:31 72078002  Ping...
23:30:31 72068002  DB OK
23:30:31 72068002  Checking for opened shift
23:30:31 72070005  Ping OK
23:30:31 72070005  Checking DB
23:30:31 72078004  Ping...
23:30:31 72069009  DB OK
23:30:31 72069009  Checking for opened shift
23:30:31 72068003  DB OK
23:30:31 72067007  DB OK
23:30:31 72067007  Checking for opened shift
23:30:31 72068003  Checking for opened shift
23:30:31 72080001  Ping...
23:30:31 72080002  Ping...
23:30:31 72069006  DB OK
23:30:31 72069006  Checking for opened shift
23:30:31 72080007  Ping...
23:30:31 72071006  DB OK
23:30:31 72071006  Checking for opened shift
23:30:31 72071001  DB OK
23:30:31 72071001  Checking for opened shift
23:30:31 72065005  DB OK
23:30:31 72065005  Checking for opened shift
23:30:31 72081002  Ping...
23:30:31 72074002  Ping OK
23:30:31 72074002  Checking DB
23:30:31 72074008  Ping OK
23:30:31 72074008  Checking DB
23:30:31 72081003  Ping...
23:30:31 72070001  Ping OK
23:30:31 72070001  Checking DB
23:30:31 72081004  Ping...
23:30:31 72071004  DB OK
23:30:31 72074010  Ping OK
23:30:31 72071004  Checking for opened shift
23:30:31 72074010  Checking DB
23:30:31 72081006  Ping...
23:30:31 72080001  Ping OK
23:30:31 72080001  Checking DB
23:30:31 72082001  Ping...
23:30:31 72070004  Ping OK
23:30:31 72059001  13 (Shift already closed)
23:30:31 72070004  Checking DB
23:30:31 72069004  DB OK
23:30:31 72069004  Checking for opened shift
23:30:31 72082003  Ping...
23:30:31 72082004  Ping...
23:30:31 72070002  DB OK
23:30:31 72080007  Ping OK
23:30:31 72070002  Checking for opened shift
23:30:31 72080007  Checking DB
23:30:32 72083001  Ping...
23:30:32 72076007  Ping OK
23:30:32 72076007  Checking DB
23:30:32 72070005  DB OK
23:30:32 72070005  Checking for opened shift
23:30:32 72078001  Ping OK
23:30:32 72078001  Checking DB
23:30:32 72076006  Ping OK
23:30:32 72076004  Ping OK
23:30:32 72083002  Ping...
23:30:32 72060001  13 (Shift already closed)
23:30:32 72076006  Checking DB
23:30:32 72078002  Ping OK
23:30:32 72076004  Checking DB
23:30:32 72078002  Checking DB
23:30:32 72083005  Ping...
23:30:32 72083006  Ping...
23:30:32 72060009  13 (Shift already closed)
23:30:32 72056004  13 (Shift already closed)
23:30:32 72084001  Ping...
23:30:32 72078004  Ping OK
23:30:32 72078004  Checking DB
23:30:32 72084003  Ping...
23:30:32 72080002  Ping OK
23:30:32 72059005  13 (Shift already closed)
23:30:32 72080002  Checking DB
23:30:32 72080001  DB OK
23:30:32 72080001  Checking for opened shift
23:30:32 72084005  Ping...
23:30:32 72081002  Ping OK
23:30:32 72081002  Checking DB
23:30:32 72059004  13 (Shift already closed)
23:30:32 72085004  Ping...
23:30:32 72060010  13 (Shift already closed)
23:30:32 72069002  13 (Shift already closed)
23:30:32 72068004  13 (Shift already closed)
23:30:32 72081003  Ping OK
23:30:32 72081003  Checking DB
23:30:32 72080007  DB OK
23:30:32 72080007  Checking for opened shift
23:30:32 72085005  Ping...
23:30:32 72070001  DB OK
23:30:32 72070001  Checking for opened shift
23:30:32 72069009  13 (Shift already closed)
23:30:32 72056002  13 (Shift already closed)
23:30:32 72056008  13 (Shift already closed)
23:30:32 72081004  Ping OK
23:30:32 72081004  Checking DB
23:30:32 72071006  Shift is open
23:30:32 72071006  Checking for unclosed receipt
23:30:32 72071001  13 (Shift already closed)
23:30:32 72081006  Ping OK
23:30:32 72085007  Ping...
23:30:32 72081006  Checking DB
23:30:32 72068003  13 (Shift already closed)
23:30:32 72088003  Ping...
23:30:32 72062002  DB OK
23:30:32 72062002  Checking for opened shift
23:30:32 72083001  Ping OK
23:30:32 72083001  Checking DB
23:30:32 72074008  DB OK
23:30:32 72074008  Checking for opened shift
23:30:32 72088004  Ping...
23:30:32 72070004  DB OK
23:30:32 72070004  Checking for opened shift
23:30:32 72069006  13 (Shift already closed)
23:30:32 72083002  Ping OK
23:30:32 72074010  DB OK
23:30:32 72083002  Checking DB
23:30:32 72062008  DB OK
23:30:32 72074010  Checking for opened shift
23:30:32 72062008  Checking for opened shift
23:30:32 72060008  13 (Shift already closed)
23:30:32 72083006  Ping OK
23:30:32 72083006  Checking DB
23:30:32 72068002  13 (Shift already closed)
23:30:32 72088006  Ping...
23:30:32 72088008  Ping...
23:30:32 72067006  13 (Shift already closed)
23:30:32 72089008  Ping...
23:30:32 72062007  DB OK
23:30:32 72062007  Checking for opened shift
23:30:32 72074002  DB OK
23:30:32 72074002  Checking for opened shift
23:30:32 72076007  DB OK
23:30:32 72089009  Ping...
23:30:32 72076007  Checking for opened shift
23:30:32 72083005  Ping OK
23:30:32 72083005  Checking DB
23:30:32 72089011  Ping...
23:30:32 72071004  13 (Shift already closed)
23:30:32 72067005  13 (Shift already closed)
23:30:32 72085005  Ping OK
23:30:32 72085005  Checking DB
23:30:32 72055003  13 (Shift already closed)
23:30:32 72082001  Ping OK
./shift_72062001.sh: line 66: [[: [Warning]: syntax error: operand expected (error token is "[Warning]")
23:30:32 72082001  Checking DB
23:30:32 72090001  Ping...
23:30:32 72062001  11 (DB is unreachable)
23:30:32 72067007  13 (Shift already closed)
23:30:32 72085007  Ping OK
23:30:32 72090005  Ping...
23:30:32 72085007  Checking DB
23:30:32 72080002  DB OK
23:30:32 72085004  Ping OK
23:30:32 72080002  Checking for opened shift
23:30:32 72085004  Checking DB
23:30:32 72082003  Ping OK
23:30:32 72082004  Ping OK
23:30:32 72078001  DB OK
23:30:32 72078001  Checking for opened shift
23:30:32 72082003  Checking DB
23:30:32 72076004  DB OK
23:30:32 72076004  Checking for opened shift
23:30:32 72082004  Checking DB
23:30:32 72078002  DB OK
23:30:32 72076006  DB OK
23:30:32 72076006  Checking for opened shift
23:30:32 72078002  Checking for opened shift
23:30:32 72090007  Ping...
23:30:32 72055002  13 (Shift already closed)
23:30:32 72091012  Ping...
23:30:32 72081002  DB OK
23:30:32 72091017  Ping...
23:30:32 72081002  Checking for opened shift
23:30:32 72091022  Ping...
23:30:32 72093002  Ping...
23:30:32 72083006  DB OK
23:30:32 72083006  Checking for opened shift
23:30:32 72081003  DB OK
23:30:32 72081003  Checking for opened shift
23:30:32 72078004  DB OK
23:30:32 72078004  Checking for opened shift
23:30:32 72093003  Ping...
23:30:32 72080001  13 (Shift already closed)
23:30:32 72083001  DB OK
23:30:32 72084001  Ping OK
23:30:32 72084001  Checking DB
23:30:32 72083001  Checking for opened shift
23:30:32 72055001  13 (Shift already closed)
23:30:32 72083002  DB OK
23:30:32 72083002  Checking for opened shift
23:30:32 72081006  DB OK
23:30:32 72081006  Checking for opened shift
23:30:32 72093005  Ping...
23:30:32 72081004  DB OK
23:30:32 72081004  Checking for opened shift
23:30:32 72085005  DB OK
23:30:32 72085005  Checking for opened shift
23:30:32 72084005  Ping OK
23:30:32 72084005  Checking DB
23:30:32 72095004  Ping...
23:30:32 72083005  DB OK
23:30:32 72083005  Checking for opened shift
23:30:32 72069004  13 (Shift already closed)
23:30:32 72071006  All receipts are closed
23:30:32 72071006  Restarting UKM...
23:30:33 72070002  13 (Shift already closed)
23:30:33 72085007  DB OK
23:30:33 72070005  13 (Shift already closed)
23:30:33 72085007  Checking for opened shift
23:30:33 72095005  Ping...
23:30:33 72095006  Ping...
23:30:33 72090001  Ping OK
23:30:33 72090001  Checking DB
23:30:33 72085004  DB OK
23:30:33 72085004  Checking for opened shift
23:30:33 72055005  13 (Shift already closed)
23:30:33 72096006  Ping...
23:30:33 72090005  Ping OK
23:30:33 72090005  Checking DB
23:30:33 72089011  Ping OK
23:30:33 72089011  Checking DB
23:30:33 72096007  Ping...
23:30:33 72089009  Ping OK
23:30:33 72090007  Ping OK
23:30:33 72089009  Checking DB
23:30:33 72090007  Checking DB
23:30:33 72089008  Ping OK
23:30:33 72089008  Checking DB
23:30:33 72096008  Ping...
23:30:33 72097001  Ping...
23:30:33 72088008  Ping OK
23:30:33 72088004  Ping OK
23:30:33 72088008  Checking DB
23:30:33 72088004  Checking DB
23:30:33 72088006  Ping OK
23:30:33 72088006  Checking DB
23:30:33 72084003  Ping OK
23:30:33 72084003  Checking DB
23:30:33 72065005  13 (Shift already closed)
23:30:33 72097003  Ping...
23:30:33 72097004  Ping...
23:30:33 72097005  Ping...
23:30:33 72101004  Ping...
23:30:33 72070001  13 (Shift already closed)
23:30:33 72088003  Ping OK
23:30:33 72088003  Checking DB
23:30:33 72101006  Ping...
23:30:33 72082001  DB OK
23:30:33 72082001  Checking for opened shift
23:30:33 72101008  Ping...
23:30:33 72102002  Ping...
23:30:33 72102003  Ping...
23:30:33 72070004  13 (Shift already closed)
23:30:33 72090001  DB OK
23:30:33 72080002  13 (Shift already closed)
23:30:33 72090001  Checking for opened shift
23:30:33 72082003  DB OK
23:30:33 72082003  Checking for opened shift
23:30:33 72090005  DB OK
23:30:33 72103001  Ping...
23:30:33 72090005  Checking for opened shift
23:30:33 72096007  Ping OK
23:30:33 72096007  Checking DB
23:30:33 72082004  DB OK
23:30:33 72082004  Checking for opened shift
23:30:33 72103004  Ping...
23:30:33 72097003  Ping OK
23:30:33 72097003  Checking DB
23:30:33 72097004  Ping OK
23:30:33 72090007  DB OK
23:30:33 72090007  Checking for opened shift
23:30:33 72097004  Checking DB
23:30:33 72085005  13 (Shift already closed)
23:30:33 72091022  Ping OK
23:30:33 72091022  Checking DB
23:30:33 72095006  Ping OK
23:30:33 72097005  Ping OK
23:30:33 72091017  Ping OK
23:30:33 72095006  Checking DB
23:30:33 72103005  Ping...
23:30:33 72097005  Checking DB
23:30:33 72091017  Checking DB
23:30:33 72093005  Ping OK
23:30:33 72093005  Checking DB
23:30:33 72093003  Ping OK
23:30:33 72093003  Checking DB
23:30:33 72095004  Ping OK
23:30:33 72095004  Checking DB
23:30:33 72096008  Ping OK
23:30:33 72091012  Ping OK
23:30:33 72097001  Ping OK
23:30:33 72089011  DB OK
23:30:33 72096008  Checking DB
23:30:33 72089011  Checking for opened shift
23:30:33 72097001  Checking DB
23:30:33 72091012  Checking DB
23:30:33 72107001  Ping...
23:30:33 72095005  Ping OK
23:30:33 72095005  Checking DB
23:30:33 72084001  DB OK
23:30:33 72084001  Checking for opened shift
23:30:33 72107002  Ping...
23:30:33 72089009  DB OK
23:30:33 72089009  Checking for opened shift
23:30:33 72074010  13 (Shift already closed)
23:30:33 72083005  13 (Shift already closed)
23:30:33 72093002  Ping OK
23:30:33 72093002  Checking DB
23:30:33 72107003  Ping...
23:30:33 72085004  13 (Shift already closed)
23:30:33 72089008  DB OK
23:30:33 72089008  Checking for opened shift
23:30:33 72085007  13 (Shift already closed)
23:30:33 72107004  Ping...
23:30:33 72096006  Ping OK
23:30:33 72096006  Checking DB
23:30:33 72088004  DB OK
23:30:33 72088008  DB OK
23:30:33 72088004  Checking for opened shift
23:30:33 72084005  DB OK
23:30:33 72088008  Checking for opened shift
23:30:33 72084005  Checking for opened shift
23:30:33 72083002  13 (Shift already closed)
23:30:33 72074008  13 (Shift already closed)
23:30:33 72107005  Ping...
23:30:33 72076006  13 (Shift already closed)
23:30:33 72103001  Ping OK
23:30:33 72103001  Checking DB
23:30:33 72076004  13 (Shift already closed)
23:30:33 72081002  13 (Shift already closed)
23:30:33 72109006  Ping...
23:30:33 72076007  13 (Shift already closed)
23:30:33 72109007  Ping...
23:30:33 72074002  13 (Shift already closed)
23:30:33 72102002  Ping OK
23:30:33 72102002  Checking DB
23:30:33 72109009  Ping...
23:30:33 72083001  13 (Shift already closed)
23:30:33 72110005  Ping...
23:30:33 72081003  13 (Shift already closed)
23:30:33 72102003  Ping OK
23:30:33 72078001  13 (Shift already closed)
23:30:34 72102003  Checking DB
23:30:34 72088006  DB OK
23:30:34 72088006  Checking for opened shift
23:30:34 72110007  Ping...
23:30:34 72078002  13 (Shift already closed)
23:30:34 72110014  Ping...
23:30:34 72097003  DB OK
23:30:34 72097004  DB OK
23:30:34 72097003  Checking for opened shift
23:30:34 72096007  DB OK
23:30:34 72097004  Checking for opened shift
23:30:34 72096007  Checking for opened shift
23:30:34 72081006  13 (Shift already closed)
23:30:34 72097005  DB OK
23:30:34 72112001  Ping...
23:30:34 72097005  Checking for opened shift
23:30:34 72103004  Ping OK
23:30:34 72103004  Checking DB
23:30:34 72084003  DB OK
23:30:34 72084003  Checking for opened shift
23:30:34 72112002  Ping...
23:30:34 72103005  Ping OK
23:30:34 72083006  13 (Shift already closed)
23:30:34 72103005  Checking DB
23:30:34 72097001  DB OK
23:30:34 72097001  Checking for opened shift
23:30:34 72107001  Ping OK
23:30:34 72112003  Ping...
23:30:34 72107001  Checking DB
23:30:34 72096008  DB OK
23:30:34 72088003  DB OK
23:30:34 72096008  Checking for opened shift
23:30:34 72088003  Checking for opened shift
23:30:34 72107004  Ping OK
23:30:34 72107004  Checking DB
23:30:34 72112004  Ping...
23:30:34 72103001  DB OK
23:30:34 72103001  Checking for opened shift
23:30:34 72113001  Ping...
23:30:34 72081004  13 (Shift already closed)
23:30:34 72078004  13 (Shift already closed)
23:30:34 72095006  DB OK
23:30:34 72095006  Checking for opened shift
23:30:34 72113002  Ping...
23:30:34 72113005  Ping...
23:30:34 72101004  Ping OK
23:30:34 72101004  Checking DB
23:30:34 72107003  Ping OK
23:30:34 72107003  Checking DB
23:30:34 72101008  Ping OK
23:30:34 72101008  Checking DB
23:30:34 72113006  Ping...
23:30:34 72096006  DB OK
23:30:34 72096006  Checking for opened shift
23:30:34 72107005  Ping OK
23:30:34 72114001  Ping...
23:30:34 72107005  Checking DB
23:30:34 72107002  Ping OK
23:30:34 72107002  Checking DB
23:30:34 72109009  Ping OK
23:30:34 72109009  Checking DB
23:30:34 72090005  13 (Shift already closed)
23:30:34 72091022  DB OK
23:30:34 72114002  Ping...
23:30:34 72091022  Checking for opened shift
23:30:34 72109006  Ping OK
23:30:34 72095004  DB OK
23:30:34 72109006  Checking DB
23:30:34 72095005  DB OK
23:30:34 72095004  Checking for opened shift
23:30:34 72095005  Checking for opened shift
23:30:34 72102002  DB OK
23:30:34 72102002  Checking for opened shift
23:30:34 72102003  DB OK
23:30:34 72114003  Ping...
23:30:34 72102003  Checking for opened shift
23:30:34 72109007  Ping OK
23:30:34 72114005  Ping...
23:30:34 72109007  Checking DB
23:30:34 72093005  DB OK
23:30:34 72093005  Checking for opened shift
23:30:34 72103004  DB OK
23:30:34 72093003  DB OK
23:30:34 72103004  Checking for opened shift
23:30:34 72093003  Checking for opened shift
23:30:34 72090001  13 (Shift already closed)
23:30:34 72112003  Ping OK
23:30:34 72112003  Checking DB
23:30:34 72090007  13 (Shift already closed)
23:30:34 72114007  Ping...
23:30:34 72112002  Ping OK
23:30:34 72112002  Checking DB
23:30:34 72112004  Ping OK
23:30:34 72112004  Checking DB
23:30:34 72115004  Ping...
23:30:34 72091017  DB OK
23:30:34 72091017  Checking for opened shift
23:30:34 72115006  Ping...
23:30:34 72115007  Ping...
23:30:34 72062008  13 (Shift already closed)
23:30:34 72103005  DB OK
23:30:34 72103005  Checking for opened shift
23:30:34 72091012  DB OK
23:30:34 72091012  Checking for opened shift
23:30:34 72101006  Ping OK
23:30:34 72101006  Checking DB
23:30:34 72117002  Ping...
23:30:34 72062007  13 (Shift already closed)
23:30:34 72117007  Ping...
23:30:34 72107004  DB OK
23:30:34 72107004  Checking for opened shift
23:30:34 72107001  DB OK
23:30:34 72107001  Checking for opened shift
23:30:34 72117008  Ping...
23:30:34 72093002  DB OK
23:30:34 72093002  Checking for opened shift
23:30:34 72113002  Ping OK
23:30:34 72113002  Checking DB
23:30:34 72117009  Ping...
23:30:34 72107003  DB OK
23:30:34 72107003  Checking for opened shift
23:30:34 72089011  13 (Shift already closed)
23:30:34 72118003  Ping...
23:30:34 72082001  13 (Shift already closed)
23:30:34 233001003  Sleep 30 seconds to make sure ukmclient has been restarted
23:30:34 72118006  Ping...
23:30:34 72117002  Ping OK
23:30:34 72117002  Checking DB
23:30:34 72118007  Ping...
23:30:34 72062002  13 (Shift already closed)
23:30:34 72113001  Ping OK
23:30:34 72113001  Checking DB
23:30:34 72107005  DB OK
23:30:34 72107005  Checking for opened shift
23:30:34 72119003  Ping...
23:30:34 72117007  Ping OK
23:30:34 72103001  13 (Shift already closed)
23:30:34 72117007  Checking DB
23:30:34 72089008  13 (Shift already closed)
23:30:34 72109009  DB OK
23:30:34 72112003  DB OK
23:30:34 72112003  Checking for opened shift
23:30:34 72109009  Checking for opened shift
23:30:34 72113006  Ping OK
23:30:35 72109006  DB OK
23:30:35 72117009  Ping OK
23:30:35 72117008  Ping OK
23:30:35 72113006  Checking DB
23:30:35 72113005  Ping OK
23:30:35 72117008  Checking DB
23:30:35 72112004  DB OK
23:30:35 72113005  Checking DB
23:30:35 72107002  DB OK
23:30:35 72097003  13 (Shift already closed)
23:30:35 72109006  Checking for opened shift
23:30:35 72117009  Checking DB
23:30:35 72107002  Checking for opened shift
23:30:35 72112004  Checking for opened shift
23:30:35 72082003  13 (Shift already closed)
23:30:35 72112002  DB OK
23:30:35 72097004  13 (Shift already closed)
23:30:35 72112002  Checking for opened shift
23:30:35 72119004  Ping...
23:30:35 72097005  13 (Shift already closed)
23:30:35 72109007  DB OK
23:30:35 72115004  Ping OK
23:30:35 72115004  Checking DB
23:30:35 72089009  13 (Shift already closed)
23:30:35 72109007  Checking for opened shift
23:30:35 72115006  Ping OK
23:30:35 72117002  11 (DB is unreachable)
23:30:35 72115006  Checking DB
23:30:35 72119005  Ping...
23:30:35 72096007  13 (Shift already closed)
23:30:35 72118003  Ping OK
23:30:35 72118003  Checking DB
23:30:35 72082004  13 (Shift already closed)
23:30:35 72120001  Ping...
23:30:35 72120007  Ping...
23:30:35 72115007  Ping OK
23:30:35 72115007  Checking DB
23:30:35 72101004  DB OK
23:30:35 72097001  13 (Shift already closed)
23:30:35 72101004  Checking for opened shift
23:30:35 72120008  Ping...
23:30:35 72118006  Ping OK
23:30:35 72118006  Checking DB
23:30:35 72117007  DB OK
23:30:35 72117007  Checking for opened shift
23:30:35 72120009  Ping...
23:30:35 72080007  13 (Shift already closed)
23:30:35 72114002  Ping OK
23:30:35 72114002  Checking DB
23:30:35 72102003  13 (Shift already closed)
23:30:35 72114005  Ping OK
23:30:35 8002001  Ping...
23:30:35 72114005  Checking DB
23:30:35 72113002  DB OK
23:30:35 72118007  Ping OK
23:30:35 72118007  Checking DB
23:30:35 72113002  Checking for opened shift
23:30:35 72101008  DB OK
23:30:35 72114001  Ping OK
23:30:35 72117009  DB OK
23:30:35 72096006  13 (Shift already closed)
23:30:35 72101008  Checking for opened shift
23:30:35 72114001  Checking DB
23:30:35 72117009  Checking for opened shift
23:30:35 8002002  Ping...
23:30:35 72114007  Ping OK
23:30:35 72117008  DB OK
23:30:35 72117008  Checking for opened shift
23:30:35 72096008  13 (Shift already closed)
23:30:35 72114007  Checking DB
23:30:35 72103004  13 (Shift already closed)
23:30:35 72088004  13 (Shift already closed)
23:30:35 72118003  DB OK
23:30:35 8002003  Ping...
23:30:35 72114003  Ping OK
23:30:35 72118003  Checking for opened shift
23:30:35 72102002  13 (Shift already closed)
23:30:35 72114003  Checking DB
23:30:35 72095006  13 (Shift already closed)
23:30:35 72088008  13 (Shift already closed)
23:30:35 8002004  Ping...
23:30:35 72103005  13 (Shift already closed)
23:30:35 72084001  13 (Shift already closed)
23:30:35 72115004  DB OK
23:30:35 72115004  Checking for opened shift
23:30:35 72115006  DB OK
23:30:35 72115006  Checking for opened shift
23:30:35 72084005  13 (Shift already closed)
23:30:35 8002001  Ping OK
23:30:35 8002001  Checking DB
23:30:35 72101006  DB OK
23:30:35 72101006  Checking for opened shift
23:30:35 8002002  Ping OK
23:30:35 72115007  DB OK
23:30:35 8002002  Checking DB
23:30:35 72115007  Checking for opened shift
23:30:35 72113001  DB OK
23:30:35 72118006  DB OK
23:30:35 72118006  Checking for opened shift
23:30:35 72113001  Checking for opened shift
23:30:35 72107004  13 (Shift already closed)
23:30:35 72118007  DB OK
23:30:35 72117007  13 (Shift already closed)
23:30:35 72118007  Checking for opened shift
23:30:35 72113005  DB OK
23:30:35 72088003  13 (Shift already closed)
23:30:35 72113005  Checking for opened shift
23:30:35 72084003  13 (Shift already closed)
23:30:35 8002004  Ping OK
23:30:35 8002004  Checking DB
23:30:35 8002003  Ping OK
23:30:35 72113006  DB OK
23:30:35 8002003  Checking DB
23:30:35 72113006  Checking for opened shift
23:30:35 72107003  13 (Shift already closed)
23:30:35 72120001  Ping OK
23:30:35 72120001  Checking DB
23:30:35 72088006  13 (Shift already closed)
23:30:35 72112003  13 (Shift already closed)
23:30:35 72117009  13 (Shift already closed)
23:30:35 72107001  13 (Shift already closed)
23:30:35 72120007  Ping OK
23:30:35 72120007  Checking DB
23:30:35 72112002  13 (Shift already closed)
23:30:35 72112004  13 (Shift already closed)
23:30:35 72120009  Ping OK
23:30:35 72120009  Checking DB
23:30:36 8002001  DB OK
23:30:36 8002001  Checking for opened shift
23:30:36 8002002  DB OK
23:30:36 8002002  Checking for opened shift
23:30:36 72091022  13 (Shift already closed)
23:30:36 72107005  13 (Shift already closed)
23:30:36 72120008  Ping OK
23:30:36 72120008  Checking DB
23:30:36 72117008  13 (Shift already closed)
23:30:36 32006927  Sleep 30 seconds to make sure ukmclient has been restarted
23:30:36 8002004  DB OK
23:30:36 8002004  Checking for opened shift
23:30:36 72114005  DB OK
23:30:36 72114005  Checking for opened shift
23:30:36 72109009  13 (Shift already closed)
23:30:36 72118003  13 (Shift already closed)
23:30:36 72095005  13 (Shift already closed)
23:30:36 72109006  13 (Shift already closed)
23:30:36 72109007  13 (Shift already closed)
23:30:36 8002003  DB OK
23:30:36 72107002  13 (Shift already closed)
23:30:36 8002003  Checking for opened shift
23:30:36 72114002  DB OK
23:30:36 72114002  Checking for opened shift
23:30:36 72093005  13 (Shift already closed)
23:30:36 72093002  13 (Shift already closed)
23:30:36 72093003  13 (Shift already closed)
23:30:36 72113002  13 (Shift already closed)
23:30:36 72091012  13 (Shift already closed)
23:30:36 72114007  DB OK
23:30:36 72114001  DB OK
23:30:36 72114007  Checking for opened shift
23:30:36 72114001  Checking for opened shift
23:30:36 72091017  13 (Shift already closed)
23:30:36 72118007  13 (Shift already closed)
23:30:36 72114003  DB OK
23:30:36 72114003  Checking for opened shift
23:30:36 72115006  13 (Shift already closed)
23:30:36 72115004  13 (Shift already closed)
23:30:36 72095004  13 (Shift already closed)
23:30:36 72118006  13 (Shift already closed)
23:30:36 8002001  13 (Shift already closed)
23:30:36 72120001  DB OK
23:30:36 72120001  Checking for opened shift
23:30:36 8002002  13 (Shift already closed)
23:30:36 72120007  DB OK
23:30:36 72120007  Checking for opened shift
23:30:36 72115007  13 (Shift already closed)
23:30:36 8002004  13 (Shift already closed)
23:30:36 72120008  DB OK
23:30:36 72120009  DB OK
23:30:36 72120008  Checking for opened shift
23:30:36 72120009  Checking for opened shift
23:30:37 72101004  13 (Shift already closed)
23:30:37 32006004  Sleep 30 seconds to make sure ukmclient has been restarted
23:30:37 72113006  13 (Shift already closed)
23:30:37 72113005  13 (Shift already closed)
23:30:37 72113001  13 (Shift already closed)
23:30:37 8002003  13 (Shift already closed)
23:30:37 72101008  13 (Shift already closed)
23:30:37 72114005  13 (Shift already closed)
23:30:38 72114007  13 (Shift already closed)
23:30:38 72114001  13 (Shift already closed)
23:30:38 72120001  13 (Shift already closed)
23:30:38 72120007  13 (Shift already closed)
23:30:38 72114002  13 (Shift already closed)
23:30:38 72002017  Sleep 30 seconds to make sure ukmclient has been restarted
23:30:38 72101006  13 (Shift already closed)
23:30:38 72114003  13 (Shift already closed)
23:30:38 72120009  13 (Shift already closed)
23:30:38 72120008  13 (Shift already closed)
23:30:41 72010013  Sleep 30 seconds to make sure ukmclient has been restarted
23:30:42 72071006  Sleep 30 seconds to make sure ukmclient has been restarted
23:30:46 1003010  10 (Pos is unreachable)
23:30:46 1005003  10 (Pos is unreachable)
23:30:46 1005004  10 (Pos is unreachable)
23:30:46 1005006  10 (Pos is unreachable)
23:30:47 1007003  10 (Pos is unreachable)
23:30:47 1007004  10 (Pos is unreachable)
23:30:47 1007005  10 (Pos is unreachable)
23:30:47 1008001  10 (Pos is unreachable)
23:30:47 1008003  10 (Pos is unreachable)
23:30:47 1008005  10 (Pos is unreachable)
23:30:47 1008007  10 (Pos is unreachable)
23:30:47 200001002  10 (Pos is unreachable)
23:30:47 200001003  10 (Pos is unreachable)
23:30:47 200001004  10 (Pos is unreachable)
23:30:50 222002001  10 (Pos is unreachable)
23:30:50 222002002  10 (Pos is unreachable)
23:30:50 222002003  10 (Pos is unreachable)
23:30:50 222002004  10 (Pos is unreachable)
23:30:51 232001002  10 (Pos is unreachable)
23:30:51 232001003  10 (Pos is unreachable)
23:30:52 44003002  10 (Pos is unreachable)
23:30:52 44003003  10 (Pos is unreachable)
23:30:52 44003004  10 (Pos is unreachable)
23:30:52 44011001  10 (Pos is unreachable)
23:30:53 72001029  10 (Pos is unreachable)
23:30:53 72001031  10 (Pos is unreachable)
23:30:53 72001033  10 (Pos is unreachable)
23:30:54 72007002  10 (Pos is unreachable)
23:30:54 72007003  10 (Pos is unreachable)
23:30:54 72007004  10 (Pos is unreachable)
23:30:54 72015001  10 (Pos is unreachable)
23:30:56 72027001  10 (Pos is unreachable)
23:30:56 72027003  10 (Pos is unreachable)
23:30:56 72027004  10 (Pos is unreachable)
23:30:57 72040002  10 (Pos is unreachable)
23:30:57 72040004  10 (Pos is unreachable)
23:30:57 72040006  10 (Pos is unreachable)
23:30:57 72040007  10 (Pos is unreachable)
23:30:57 72042001  10 (Pos is unreachable)
23:30:57 72042002  10 (Pos is unreachable)
23:30:57 72042004  10 (Pos is unreachable)
23:30:58 72045003  10 (Pos is unreachable)
23:30:58 72045004  10 (Pos is unreachable)
23:30:58 72046005  10 (Pos is unreachable)
23:30:58 72046006  10 (Pos is unreachable)
23:30:58 72046007  10 (Pos is unreachable)
23:30:58 72047004  10 (Pos is unreachable)
23:30:58 72047009  10 (Pos is unreachable)
23:30:58 72047010  10 (Pos is unreachable)
23:30:58 72049001  10 (Pos is unreachable)
23:30:58 72049004  10 (Pos is unreachable)
23:30:58 72049005  10 (Pos is unreachable)
23:30:58 72049006  10 (Pos is unreachable)
23:30:58 72051003  10 (Pos is unreachable)
23:30:59 72051005  10 (Pos is unreachable)
23:31:00 72063002  10 (Pos is unreachable)
23:31:00 72063001  10 (Pos is unreachable)
23:31:00 72063005  10 (Pos is unreachable)
23:31:00 72065006  10 (Pos is unreachable)
23:31:00 72065008  10 (Pos is unreachable)
23:31:01 72075005  10 (Pos is unreachable)
23:31:01 72075006  10 (Pos is unreachable)
23:31:01 72075007  10 (Pos is unreachable)
23:31:04 72110005  10 (Pos is unreachable)
23:31:04 72110007  10 (Pos is unreachable)
23:31:04 72110014  10 (Pos is unreachable)
23:31:04 72112001  10 (Pos is unreachable)
23:31:05 72119003  10 (Pos is unreachable)
23:31:05 72119004  10 (Pos is unreachable)
23:31:05 72119005  10 (Pos is unreachable)
23:31:06 233001003  UKM stared successfully
23:31:06 233001003  Search for money in cashbox
23:31:07 32006927  UKM stared successfully
23:31:07 32006927  Search for money in cashbox
23:31:08 32006004  UKM stared successfully
23:31:08 32006004  Search for money in cashbox
23:31:08 32006927  Cashbox is empty
  % Total    % Received % Xferd  Average Speed   Time    Time     Time  Current
                                 Dload  Upload   Total   Spent    Left  Speed
  0     0    0     0    0     0      0      0 --:--:-- --:--:-- --:--:--     0100    34    0     0  100    34      0    165 --:--:-- --:--:-- --:--:--   166
23:31:08 233001003  Cashbox is not empty. Total: 4423.0000
  % Total    % Received % Xferd  Average Speed   Time    Time     Time  Current
                                 Dload  Upload   Total   Spent    Left  Speed
  0     0    0     0    0     0      0      0 --:--:-- --:--:-- --:--:--     0100    35    0     0  100    35      0    175 --:--:-- --:--:-- --:--:--   175100    35    0     0  100    35      0    175 --:--:-- --:--:-- --:--:--   175
23:31:09 32006004  Cashbox is not empty. Total: 48716.0000
23:31:09 72002017  UKM stared successfully
  % Total    % Received % Xferd  Average Speed   Time    Time     Time  Current
                                 Dload  Upload   Total   Spent    Left  Speed
  0     0    0     0    0     0      0      0 --:--:-- --:--:-- --:--:--     023:31:09 72002017  Search for money in cashbox
100    34    0     0  100    34      0    184 --:--:-- --:--:-- --:--:--   184100    34    0     0  100    34      0    184 --:--:-- --:--:-- --:--:--   183
23:31:10 72002017  Cashbox is empty
  % Total    % Received % Xferd  Average Speed   Time    Time     Time  Current
                                 Dload  Upload   Total   Spent    Left  Speed
  0     0    0     0    0     0      0      0 --:--:-- --:--:-- --:--:--     0100    34    0     0  100    34      0    183 --:--:-- --:--:-- --:--:--   183
23:31:11 72010013  UKM stared successfully
23:31:11 72010013  Search for money in cashbox
23:31:12 72071006  UKM stared successfully
23:31:12 72071006  Search for money in cashbox
23:31:13 72071006  Cashbox is not empty. Total: 2498.0000
  % Total    % Received % Xferd  Average Speed   Time    Time     Time  Current
                                 Dload  Upload   Total   Spent    Left  Speed
  0     0    0     0    0     0      0      0 --:--:-- --:--:-- --:--:--     023:31:13 72010013  Cashbox is not empty. Total: 44138.0000
  % Total    % Received % Xferd  Average Speed   Time    Time     Time  Current
                                 Dload  Upload   Total   Spent    Left  Speed
  0     0    0     0    0     0      0      0 --:--:-- --:--:-- --:--:--     0100    34    0     0  100    34      0    186 --:--:-- --:--:-- --:--:--   186
100    34    0     0  100    34      0    114 --:--:-- --:--:-- --:--:--   114
23:31:28 32006927  Checking for opened shift
23:31:29 32006927  Shift number 790 was closed
23:31:29 32006927  0 (successfull)
23:31:29 233001003  Checking for opened shift
23:31:30 72002017  Checking for opened shift
23:31:30 32006004  Checking for opened shift
23:31:30 233001003  18 (Failed to close shift)
23:31:31 72002017  Shift number 1677 was closed
23:31:31 72002017  0 (successfull)
23:31:31 32006004  18 (Failed to close shift)
23:31:34 72071006  Checking for opened shift
23:31:35 72010013  Checking for opened shift
23:31:35 72071006  18 (Failed to close shift)
23:31:36 72010013  Shift number 2587 was closed
23:31:36 72010013  0 (successfull)
