23:30:13 72110005  Ping...
23:30:14 72018001  Ping...
23:30:14 72110005  Ping OK
23:30:14 72110005  Checking DB
23:30:14 72018001  Ping OK
23:30:14 72018001  Checking DB
23:30:14 72110005  DB OK
23:30:14 72110005   ISMONEY: 0
23:30:14 72110005  Checking for opened shift
23:30:15 72018001  DB OK
23:30:15 72018001   ISMONEY: 0
23:30:15 72018001  Checking for opened shift
23:30:16 72110005   13 (Shift already closed)
23:30:17 72018001  Shift is open
23:30:17 72018001  Checking for unclosed receipt
23:30:18 72018001  All receipts are closed
23:30:19 72018001  Restarting UKM...
23:30:28 72018001  Sleep 30 seconds to make sure ukmclient has been restarted
23:30:43 226002001  Ping...
23:30:43 226002003  Ping...
23:31:00 72018001  UKM started successfully
23:31:10 72018001  Search for money in cashbox
23:31:11 72018001  Cashbox is empty
23:31:13 226002001   10 (Pos is unreachable)
23:31:13 226002003   10 (Pos is unreachable)
23:32:11 72018001   ISMONEY: 1
23:32:11 72018001  Checking that shift was closed correctly
23:32:13 72018001   18 (Failed to close shift)
23:32:13 Done
