23:30:12 219001001  Ping...
23:30:12 72035004  Ping...
23:30:12 219001001  Ping OK
23:30:12 219001001  Checking DB
23:30:12 72035004  Ping OK
23:30:12 72035004  Checking DB
23:30:12 72110005  Ping...
23:30:12 219001001  DB OK
23:30:12 219001001   ISMONEY: 0
23:30:12 219001001  Checking for opened shift
23:30:12 72035004  DB OK
23:30:12 72035004   ISMONEY: 0
23:30:12 72035004  Checking for opened shift
23:30:12 72018001  Ping...
23:30:13 72110005  Ping OK
23:30:13 72110005  Checking DB
23:30:13 72035004  Shift is open
23:30:13 72035004  Checking for unclosed receipt
23:30:13 219001001  Shift is open
23:30:13 219001001  Checking for unclosed receipt
23:30:13 72018001  Ping OK
23:30:13 72018001  Checking DB
23:30:13 72110005  DB OK
23:30:13 72110005   ISMONEY: 0
23:30:13 72110005  Checking for opened shift
23:30:14 72035004  All receipts are closed
23:30:14 72018001  DB OK
23:30:14 72018001   ISMONEY: 0
23:30:14 72018001  Checking for opened shift
23:30:14 219001001  All receipts are closed
23:30:14 72035004  Restarting UKM...
23:30:14 219001001  Restarting UKM...
23:30:14 72110005   13 (Shift already closed)
23:30:15 72018001  Shift is open
23:30:15 72018001  Checking for unclosed receipt
23:30:17 72018001  All receipts are closed
23:30:17 72018001  Restarting UKM...
23:30:23 72035004  Sleep 30 seconds to make sure ukmclient has been restarted
23:30:27 72018001  Sleep 30 seconds to make sure ukmclient has been restarted
23:30:30 219001001  Sleep 30 seconds to make sure ukmclient has been restarted
23:30:41 72007004  Ping...
23:30:41 72024003  Ping...
23:30:42 72069004  Ping...
23:30:54 72035004  UKM started successfully
23:30:59 72018001  UKM started successfully
23:31:02 219001001  UKM started successfully
23:31:04 72035004  Search for money in cashbox
23:31:04 72035004  Cashbox is empty
23:31:09 72018001  Search for money in cashbox
23:31:10 72018001  Cashbox is empty
23:31:11 72007004   10 (Pos is unreachable)
23:31:12 72024003   10 (Pos is unreachable)
23:31:12 219001001  Search for money in cashbox
23:31:12 72069004   10 (Pos is unreachable)
23:31:12 219001001  Cashbox is empty
23:32:05 72035004   ISMONEY: 1
23:32:05 72035004  Checking that shift was closed correctly
23:32:05 72035004   18 (Failed to close shift)
23:32:10 72018001   ISMONEY: 1
23:32:10 72018001  Checking that shift was closed correctly
23:32:11 72018001   18 (Failed to close shift)
23:32:12 219001001   ISMONEY: 1
23:32:12 219001001  Checking that shift was closed correctly
23:32:13 219001001  Shift number 565 was closed
ERROR 1051 (42S02) at line 1: Unknown table 'tals'
23:32:14 219001001   0 (successfull)
23:32:14 Done
