23:30:12 72035004  Ping...
23:30:12 72011003  Ping...
23:30:12 72018001  Ping...
23:30:12 72035004  Ping OK
23:30:12 72035004  Checking DB
23:30:12 72110005  Ping...
23:30:13 72011003  Ping OK
23:30:13 72011003  Checking DB
23:30:13 72035004  DB OK
23:30:13 72035004   ISMONEY: 0
23:30:13 72035004  Checking for opened shift
23:30:13 72110005  Ping OK
23:30:13 72110005  Checking DB
23:30:13 72018001  Ping OK
23:30:13 72018001  Checking DB
23:30:13 72011003  DB OK
23:30:13 72011003   ISMONEY: 0
23:30:13 72011003  Checking for opened shift
23:30:13 72035004  Shift is open
23:30:13 72035004  Checking for unclosed receipt
23:30:13 72110005  DB OK
23:30:13 72110005   ISMONEY: 0
23:30:13 72110005  Checking for opened shift
23:30:14 72018001  DB OK
23:30:14 72018001   ISMONEY: 0
23:30:14 72018001  Checking for opened shift
23:30:14 72035004  All receipts are closed
23:30:14 72011003  Shift is open
23:30:14 72011003  Checking for unclosed receipt
23:30:14 72035004  Restarting UKM...
23:30:15 72110005   13 (Shift already closed)
23:30:15 72018001  Shift is open
23:30:15 72018001  Checking for unclosed receipt
23:30:15 72011003  All receipts are closed
23:30:15 72011003  Restarting UKM...
23:30:16 72018001  All receipts are closed
23:30:16 72018001  Restarting UKM...
23:30:22 72035004  Sleep 30 seconds to make sure ukmclient has been restarted
23:30:26 72018001  Sleep 30 seconds to make sure ukmclient has been restarted
23:30:29 72011003  Sleep 30 seconds to make sure ukmclient has been restarted
23:30:42 72007004  Ping...
23:30:42 72024003  Ping...
23:30:42 72069004  Ping...
23:30:52 72035004  UKM started successfully
23:30:57 72018001  UKM started successfully
23:31:00 72011003  UKM started successfully
23:31:02 72035004  Search for money in cashbox
23:31:03 72035004  Cashbox is empty
23:31:07 72018001  Search for money in cashbox
23:31:08 72018001  Cashbox is empty
23:31:10 72011003  Search for money in cashbox
23:31:11 72011003  Cashbox is empty
23:31:12 72007004   10 (Pos is unreachable)
23:31:12 72024003   10 (Pos is unreachable)
23:31:12 72069004   10 (Pos is unreachable)
23:32:03 72035004   ISMONEY: 1
23:32:03 72035004  Checking that shift was closed correctly
23:32:04 72035004   18 (Failed to close shift)
23:32:08 72018001   ISMONEY: 1
23:32:08 72018001  Checking that shift was closed correctly
23:32:10 72018001   18 (Failed to close shift)
23:32:11 72011003   ISMONEY: 1
23:32:11 72011003  Checking that shift was closed correctly
23:32:12 72011003  Shift number 1771 was closed
23:32:12 72011003   0 (successfull)
23:32:12 Done
