23:30:17 72035004  Ping...
23:30:18 72035004  Ping OK
23:30:18 72035004  Checking DB
23:30:18 72018001  Ping...
23:30:18 72110005  Ping...
23:30:18 72035004  DB OK
23:30:18 72035004   ISMONEY: 0
23:30:18 72035004  Checking for opened shift
23:30:18 219002003  Ping...
23:30:18 72018001  Ping OK
23:30:18 72110005  Ping OK
23:30:18 72018001  Checking DB
23:30:18 72110005  Checking DB
23:30:18 72035004  Shift is open
23:30:18 72035004  Checking for unclosed receipt
23:30:19 72110005  DB OK
23:30:19 72110005   ISMONEY: 0
23:30:19 72110005  Checking for opened shift
23:30:19 72018001  DB OK
23:30:19 72018001   ISMONEY: 0
23:30:19 72018001  Checking for opened shift
23:30:19 219002003  Ping OK
23:30:19 219002003  Checking DB
23:30:19 72035004  Receipt found
23:30:19 72035004  Restarting UKM...
23:30:20 72018001  Shift is open
23:30:20 72018001  Checking for unclosed receipt
23:30:20 219002003  DB OK
23:30:20 219002003   ISMONEY: 0
23:30:20 219002003  Checking for opened shift
23:30:20 72110005   13 (Shift already closed)
23:30:21 72018001  All receipts are closed
23:30:21 72018001  Restarting UKM...
23:30:22 219002003  Shift is open
23:30:22 219002003  Checking for unclosed receipt
23:30:24 219002003  All receipts are closed
23:30:25 219002003  Restarting UKM...
23:30:27 72035004  Sleep 30 seconds to make sure ukmclient has been restarted
23:30:30 72018001  Sleep 30 seconds to make sure ukmclient has been restarted
23:30:41 219002003  Sleep 30 seconds to make sure ukmclient has been restarted
23:30:47 72007004  Ping...
23:30:47 72024003  Ping...
23:30:47 72040007  Ping...
23:30:47 72069004  Ping...
23:30:57 72035004  Checking for unclosed receipt
23:30:58 72035004  All receipts are closed
23:30:58 72035004  UKM started successfully
23:31:02 72018001  UKM started successfully
23:31:08 72035004  Search for money in cashbox
./shift_72035004.sh: line 196: =ERROR: command not found
23:31:09 72035004  Cashbox is not empty. Total: 301.0000
23:31:12 72018001  Search for money in cashbox
23:31:13 72018001  Cashbox is empty
23:31:13 219002003  UKM started successfully
23:31:17 72007004   10 (Pos is unreachable)
23:31:17 72024003   10 (Pos is unreachable)
23:31:17 72040007   10 (Pos is unreachable)
23:31:17 72069004   10 (Pos is unreachable)
23:31:23 219002003  Search for money in cashbox
./shift_219002003.sh: line 196: =ERROR: command not found
23:31:26 219002003  Cashbox is not empty. Total: 5000.0000
ERROR 1146 (42S02) at line 1: Table 'ukmclient.tals' doesn't exist
23:32:10 72035004   ISMONEY: 3
23:32:10 72035004  Checking that shift was closed correctly
23:32:11 72035004   18 (Failed to close shift)
23:32:13 72018001   ISMONEY: 1
23:32:13 72018001  Checking that shift was closed correctly
23:32:14 72018001   18 (Failed to close shift)
ERROR 1146 (42S02) at line 1: Table 'ukmclient.tals' doesn't exist
23:32:28 219002003   ISMONEY: 3
23:32:28 219002003  Checking that shift was closed correctly
23:32:32 219002003   18 (Failed to close shift)
23:32:32 Done
