23:30:10 1004009  Ping...
23:30:11 1004009  Ping OK
23:30:11 1004009  Checking DB
23:30:11 72110005  Ping...
23:30:11 1004009  DB OK
23:30:11 1004009   ISMONEY: 0
23:30:11 1004009  Checking for opened shift
23:30:11 72018001  Ping...
23:30:11 72062002  Ping...
23:30:11 72110005  Ping OK
23:30:11 72110005  Checking DB
23:30:12 1004009  Shift is open
23:30:12 1004009  Checking for unclosed receipt
23:30:12 72018001  Ping OK
23:30:12 72018001  Checking DB
23:30:12 72110005  DB OK
23:30:12 72110005   ISMONEY: 0
23:30:12 72110005  Checking for opened shift
23:30:12 1004009  All receipts are closed
23:30:12 72018001  DB OK
23:30:12 72018001   ISMONEY: 0
23:30:12 72018001  Checking for opened shift
23:30:12 1004009  Restarting UKM...
23:30:12 72062002  Ping OK
23:30:12 72062002  Checking DB
23:30:13 72110005   13 (Shift already closed)
23:30:13 72062002  DB OK
23:30:13 72062002   ISMONEY: 0
23:30:13 72062002  Checking for opened shift
23:30:13 72018001  Shift is open
23:30:13 72018001  Checking for unclosed receipt
23:30:15 72018001  All receipts are closed
23:30:15 72018001  Restarting UKM...
23:30:16 72062002  Shift is open
23:30:16 72062002  Checking for unclosed receipt
23:30:18 72062002  All receipts are closed
23:30:19 72062002  Restarting UKM...
23:30:22 1004009  Sleep 30 seconds to make sure ukmclient has been restarted
23:30:24 72018001  Sleep 30 seconds to make sure ukmclient has been restarted
23:30:33 72062002  Sleep 30 seconds to make sure ukmclient has been restarted
23:30:40 72069004  Ping...
23:30:40 72081002  Ping...
23:30:53 1004009  UKM started successfully
23:30:55 72018001  UKM started successfully
23:31:03 1004009  Search for money in cashbox
23:31:05 1004009  Cashbox is not empty. Total: 55556.0000
23:31:05 72018001  Search for money in cashbox
23:31:06 72062002  UKM started successfully
23:31:06 72018001  Cashbox is empty
23:31:10 72069004   10 (Pos is unreachable)
23:31:10 72081002   10 (Pos is unreachable)
23:31:16 72062002  Search for money in cashbox
23:31:21 72062002  Cashbox is not empty. Total: 5000.0000
23:32:05 1004009   ISMONEY: 3
23:32:05 1004009  Checking that shift was closed correctly
23:32:06 1004009   18 (Failed to close shift)
23:32:07 72018001   ISMONEY: 1
23:32:07 72018001  Checking that shift was closed correctly
23:32:08 72018001   18 (Failed to close shift)
23:32:22 72062002   ISMONEY: 3
23:32:22 72062002  Checking that shift was closed correctly
23:32:24 72062002  Shift number 1686 was closed
23:32:25 72062002   0 (successfull)
23:32:25 Done
