23:30:13 8002002  Ping...
ERROR 2002 (HY000): Can't connect to local MySQL server through socket '/tmp/mysql.sock' (111)
23:30:13 72069004  Ping...
23:30:13 44011001  Ping...
23:30:13 72018001  Ping...
23:30:13 72110005  Ping...
23:30:13 8002002  Ping OK
23:30:13 8002002  Checking DB
23:30:13 72069004  Ping OK
23:30:13 72069004  Checking DB
23:30:13 8002002  DB OK
23:30:13 8002002   ISMONEY: 0
23:30:13 8002002  Checking for opened shift
23:30:13 44011001  Ping OK
23:30:13 44011001  Checking DB
23:30:13 72110005  Ping OK
23:30:13 72018001  Ping OK
23:30:13 72110005  Checking DB
23:30:13 72018001  Checking DB
23:30:14 72069004   11 (DB is unreachable)
23:30:14 44011001  DB OK
23:30:14 44011001   ISMONEY: 0
23:30:14 44011001  Checking for opened shift
23:30:14 72110005  DB OK
23:30:14 72110005   ISMONEY: 0
23:30:14 72110005  Checking for opened shift
23:30:14 8002002  Shift is open
23:30:14 8002002  Checking for unclosed receipt
23:30:14 72018001  DB OK
23:30:14 72018001   ISMONEY: 0
23:30:14 72018001  Checking for opened shift
23:30:14 8002002  All receipts are closed
23:30:15 8002002  Restarting UKM...
23:30:15 44011001  Shift is open
23:30:15 44011001  Checking for unclosed receipt
23:30:15 72110005   13 (Shift already closed)
23:30:15 72018001  Shift is open
23:30:15 72018001  Checking for unclosed receipt
23:30:16 44011001  All receipts are closed
23:30:16 72018001  All receipts are closed
23:30:17 44011001  Restarting UKM...
23:30:17 72018001  Restarting UKM...
23:30:27 8002002  Sleep 30 seconds to make sure ukmclient has been restarted
23:30:27 72018001  Sleep 30 seconds to make sure ukmclient has been restarted
23:30:38 44011001  Sleep 30 seconds to make sure ukmclient has been restarted
23:30:58 8002002  UKM started successfully
23:30:58 72018001  UKM started successfully
23:31:08 8002002  Search for money in cashbox
23:31:08 72018001  Search for money in cashbox
23:31:09 44011001  UKM started successfully
23:31:09 72018001  Cashbox is empty
23:31:10 8002002  Cashbox is not empty. Total: 16469.0000
23:31:19 44011001  Search for money in cashbox
23:31:20 44011001  Cashbox is empty
23:32:10 72018001   ISMONEY: 1
23:32:10 72018001  Checking that shift was closed correctly
23:32:11 8002002   ISMONEY: 3
23:32:11 8002002  Checking that shift was closed correctly
23:32:11 72018001   18 (Failed to close shift)
23:32:12 8002002  Shift number 80 was closed
23:32:12 8002002   0 (successfull)
23:32:20 44011001   ISMONEY: 1
23:32:20 44011001  Checking that shift was closed correctly
23:32:22 44011001  Shift number 40 was closed
ERROR 1051 (42S02) at line 1: Unknown table 'tals'
23:32:22 44011001   0 (successfull)
23:32:22 Done
