23:30:12 219001003  Ping...
23:30:12 72110005  Ping...
23:30:12 72018001  Ping...
23:30:12 219001003  Ping OK
23:30:12 219001003  Checking DB
23:30:12 72113006  Ping...
23:30:13 219001003  DB OK
23:30:13 219001003   ISMONEY: 0
23:30:13 219001003  Checking for opened shift
23:30:13 72110005  Ping OK
23:30:13 72110005  Checking DB
23:30:13 72018001  Ping OK
23:30:13 72018001  Checking DB
23:30:13 72113006  Ping OK
23:30:13 72113006  Checking DB
23:30:13 72110005  DB OK
23:30:13 72110005   ISMONEY: 0
23:30:13 72110005  Checking for opened shift
23:30:13 219001003  Shift is open
23:30:13 219001003  Checking for unclosed receipt
23:30:13 72018001  DB OK
23:30:13 72018001   ISMONEY: 0
23:30:13 72018001  Checking for opened shift
23:30:14 72113006  DB OK
23:30:14 72113006   ISMONEY: 0
23:30:14 72113006  Checking for opened shift
23:30:14 219001003  All receipts are closed
23:30:14 72110005   13 (Shift already closed)
23:30:15 219001003  Restarting UKM...
23:30:15 72018001  Shift is open
23:30:15 72018001  Checking for unclosed receipt
23:30:15 72113006  Shift is open
23:30:15 72113006  Checking for unclosed receipt
23:30:16 72018001  All receipts are closed
23:30:17 72018001  Restarting UKM...
23:30:17 72113006  All receipts are closed
23:30:18 72113006  Restarting UKM...
23:30:25 219001003  Sleep 30 seconds to make sure ukmclient has been restarted
23:30:30 72018001  Sleep 30 seconds to make sure ukmclient has been restarted
23:30:33 72113006  Sleep 30 seconds to make sure ukmclient has been restarted
23:30:42 226002001  Ping...
23:30:42 226002003  Ping...
23:30:55 219001003  UKM started successfully
23:31:01 72018001  UKM started successfully
23:31:05 72113006  UKM started successfully
23:31:05 219001003  Search for money in cashbox
23:31:08 219001003  Cashbox is not empty. Total: 14753.0000
23:31:11 72018001  Search for money in cashbox
23:31:12 226002001   10 (Pos is unreachable)
23:31:12 226002003   10 (Pos is unreachable)
23:31:13 72018001  Cashbox is empty
23:31:15 72113006  Search for money in cashbox
23:31:18 72113006  Cashbox is not empty. Total: 9524.0000
23:32:09 219001003   ISMONEY: 3
23:32:09 219001003  Checking that shift was closed correctly
23:32:10 219001003  Shift number 486 was closed
23:32:10 219001003   0 (successfull)
23:32:13 72018001   ISMONEY: 1
23:32:13 72018001  Checking that shift was closed correctly
23:32:14 72018001   18 (Failed to close shift)
23:32:19 72113006   ISMONEY: 3
23:32:19 72113006  Checking that shift was closed correctly
23:32:21 72113006   18 (Failed to close shift)
23:32:21 Done
